#
# A fatal error has been detected by the Java Runtime Environment:
#
#  SIGSEGV (0xb) at pc=0xafeb8d71, pid=9494, tid=3075831488
#
# JRE version: 6.0_27-b27
# Java VM: OpenJDK Client VM (20.0-b12 mixed mode, sharing linux-x86 )
# Derivative: IcedTea6 1.12.5
# Distribution: Ubuntu 12.04 LTS, package 6b27-1.12.5-0ubuntu0.12.04.1
# Problematic frame:
# C  [libwebkitgtk-1.0.so.0+0x19ed71]  webkitWebViewRegisterForIconNotification+0xe1
#
# If you would like to submit a bug report, please include
# instructions how to reproduce the bug and visit:
#   https://bugs.launchpad.net/ubuntu/+source/openjdk-6/
# The crash happened outside the Java Virtual Machine in native code.
# See problematic frame for where to report the bug.
#

---------------  T H R E A D  ---------------

Current thread (0x08f9c000):  JavaThread "main" [_thread_in_native, id=9494, stack(0xbfaf8000,0xbfb48000)]

siginfo:si_signo=SIGSEGV: si_errno=0, si_code=1 (SEGV_MAPERR), si_addr=0x0000001e

Registers:
EAX=0x00000000, EBX=0xb127cff4, ECX=0x00000003, EDX=0x0000001e
ESP=0xbfb446ec, EBP=0x08f944b8, ESI=0x09449a88, EDI=0x00000003
EIP=0xafeb8d71, EFLAGS=0x00010206, CR2=0x0000001e

Top of Stack: (sp=0xbfb446ec)
0xbfb446ec:   afe8f07a 0945fbf8 b727f3f6 b72f0ff4
0xbfb446fc:   b770fcbf b127cff4 096b81b8 00000003
0xbfb4470c:   afe8f10b 09449a88 00000002 00000004
0xbfb4471c:   b7710c39 0000000f afe8f0f6 b72f0ff4
0xbfb4472c:   b7240a7f 09449a88 096b81b8 00000003
0xbfb4473c:   b727f410 08f35fb0 00000000 b77149f2
0xbfb4474c:   b72f0ff4 096b81b8 00000003 08f944b8
0xbfb4475c:   b723fd86 096b81b8 afe8f0f0 09449a88 

Instructions: (pc=0xafeb8d71)
0xafeb8d51:   eb 8a 8d b6 00 00 00 00 8d bc 27 00 00 00 00 8b
0xafeb8d61:   44 24 04 85 c0 74 10 8b 50 44 31 c0 85 d2 74 0f
0xafeb8d71:   8b 02 c3 8d 74 26 00 31 c0 8d b6 00 00 00 00 f3
0xafeb8d81:   c3 8d b4 26 00 00 00 00 8d bc 27 00 00 00 00 56 

Register to memory mapping:

EAX=0x00000000 is an unknown value
EBX=0xb127cff4: <offset 0x1562ff4> in /usr/lib/libwebkitgtk-1.0.so.0 at 0xafd1a000
ECX=0x00000003 is an unknown value
EDX=0x0000001e is an unknown value
ESP=0xbfb446ec is pointing into the stack for thread: 0x08f9c000
EBP=0x08f944b8 is an unknown value
ESI=0x09449a88 is an unknown value
EDI=0x00000003 is an unknown value


Stack: [0xbfaf8000,0xbfb48000],  sp=0xbfb446ec,  free space=305k
Native frames: (J=compiled Java code, j=interpreted, Vv=VM code, C=native code)
C  [libwebkitgtk-1.0.so.0+0x19ed71]  webkitWebViewRegisterForIconNotification+0xe1

Java frames: (J=compiled Java code, j=interpreted, Vv=VM code)
J  org.eclipse.swt.internal.gtk.OS._g_main_context_iteration(IZ)Z
J  org.eclipse.swt.widgets.Display.readAndDispatch()Z
j  org.eclipse.ui.internal.Workbench.runEventLoop(Lorg/eclipse/jface/window/Window$IExceptionHandler;Lorg/eclipse/swt/widgets/Display;)V+9
j  org.eclipse.ui.internal.Workbench.runUI()I+555
j  org.eclipse.ui.internal.Workbench.access$4(Lorg/eclipse/ui/internal/Workbench;)I+1
j  org.eclipse.ui.internal.Workbench$7.run()V+73
j  org.eclipse.core.databinding.observable.Realm.runWithDefault(Lorg/eclipse/core/databinding/observable/Realm;Ljava/lang/Runnable;)V+12
j  org.eclipse.ui.internal.Workbench.createAndRunWorkbench(Lorg/eclipse/swt/widgets/Display;Lorg/eclipse/ui/application/WorkbenchAdvisor;)I+18
j  org.eclipse.ui.PlatformUI.createAndRunWorkbench(Lorg/eclipse/swt/widgets/Display;Lorg/eclipse/ui/application/WorkbenchAdvisor;)I+2
j  org.eclipse.ui.internal.ide.application.IDEApplication.start(Lorg/eclipse/equinox/app/IApplicationContext;)Ljava/lang/Object;+108
j  org.eclipse.equinox.internal.app.EclipseAppHandle.run(Ljava/lang/Object;)Ljava/lang/Object;+135
j  org.eclipse.core.runtime.internal.adaptor.EclipseAppLauncher.runApplication(Ljava/lang/Object;)Ljava/lang/Object;+103
j  org.eclipse.core.runtime.internal.adaptor.EclipseAppLauncher.start(Ljava/lang/Object;)Ljava/lang/Object;+29
j  org.eclipse.core.runtime.adaptor.EclipseStarter.run(Ljava/lang/Object;)Ljava/lang/Object;+149
j  org.eclipse.core.runtime.adaptor.EclipseStarter.run([Ljava/lang/String;Ljava/lang/Runnable;)Ljava/lang/Object;+183
v  ~StubRoutines::call_stub
j  sun.reflect.NativeMethodAccessorImpl.invoke0(Ljava/lang/reflect/Method;Ljava/lang/Object;[Ljava/lang/Object;)Ljava/lang/Object;+0
j  sun.reflect.NativeMethodAccessorImpl.invoke(Ljava/lang/Object;[Ljava/lang/Object;)Ljava/lang/Object;+87
j  sun.reflect.DelegatingMethodAccessorImpl.invoke(Ljava/lang/Object;[Ljava/lang/Object;)Ljava/lang/Object;+6
j  java.lang.reflect.Method.invoke(Ljava/lang/Object;[Ljava/lang/Object;)Ljava/lang/Object;+161
j  org.eclipse.equinox.launcher.Main.invokeFramework([Ljava/lang/String;[Ljava/net/URL;)V+211
j  org.eclipse.equinox.launcher.Main.basicRun([Ljava/lang/String;)V+126
j  org.eclipse.equinox.launcher.Main.run([Ljava/lang/String;)I+4
v  ~StubRoutines::call_stub

---------------  P R O C E S S  ---------------

Java Threads: ( => current thread )
  0x097cc000 JavaThread "Worker-7" [_thread_blocked, id=9553, stack(0xaba5c000,0xabaad000)]
  0x09789400 JavaThread "org.eclipse.cdt.internal.ui.text.CReconciler" daemon [_thread_in_vm, id=9552, stack(0xb168b000,0xb16dc000)]
  0xb5c23400 JavaThread "Worker-6" [_thread_blocked, id=9548, stack(0xb14fb000,0xb154c000)]
  0x0955e000 JavaThread "Java indexing" daemon [_thread_blocked, id=9547, stack(0xb1410000,0xb1461000)]
  0xb1317c00 JavaThread "Worker-5" [_thread_blocked, id=9544, stack(0xb1461000,0xb14b2000)]
  0x092fb800 JavaThread "Worker-3" [_thread_blocked, id=9542, stack(0xb155e000,0xb15af000)]
  0x090e4400 JavaThread "[ThreadPool Manager] - Idle Thread" daemon [_thread_blocked, id=9521, stack(0xb16dc000,0xb172d000)]
  0x091ba000 JavaThread "Bundle File Closer" daemon [_thread_blocked, id=9520, stack(0xb1a99000,0xb1aea000)]
  0x090a1400 JavaThread "Worker-JM" [_thread_blocked, id=9519, stack(0xb1dc7000,0xb1e18000)]
  0x0907d000 JavaThread "[Timer] - Main Queue Handler" daemon [_thread_blocked, id=9518, stack(0xb1d76000,0xb1dc7000)]
  0x09037c00 JavaThread "Framework Event Dispatcher" daemon [_thread_blocked, id=9516, stack(0xb1e26000,0xb1e77000)]
  0x09031800 JavaThread "Start Level Event Dispatcher" daemon [_thread_blocked, id=9515, stack(0xb1e79000,0xb1eca000)]
  0x09001c00 JavaThread "State Data Manager" daemon [_thread_blocked, id=9514, stack(0xb1eca000,0xb1f1b000)]
  0x0901e000 JavaThread "Framework Active Thread" [_thread_blocked, id=9513, stack(0xb1f1b000,0xb1f6c000)]
  0x08fd2800 JavaThread "Low Memory Detector" daemon [_thread_blocked, id=9511, stack(0xb2034000,0xb2085000)]
  0x08fd0800 JavaThread "C1 CompilerThread0" daemon [_thread_blocked, id=9510, stack(0xb2085000,0xb2106000)]
  0x08fcf000 JavaThread "Signal Dispatcher" daemon [_thread_blocked, id=9509, stack(0xb2106000,0xb2157000)]
  0x08fcb800 JavaThread "Finalizer" daemon [_thread_blocked, id=9508, stack(0xb2157000,0xb21a8000)]
  0x08fca000 JavaThread "Reference Handler" daemon [_thread_blocked, id=9507, stack(0xb21a8000,0xb21f9000)]
=>0x08f9c000 JavaThread "main" [_thread_in_native, id=9494, stack(0xbfaf8000,0xbfb48000)]

Other Threads:
  0x08fc8400 VMThread [stack: 0xb21f9000,0xb227a000] [id=9506]
  0x08fd4c00 WatcherThread [stack: 0xb1fb3000,0xb2034000] [id=9512]

VM state:not at safepoint (normal execution)

VM Mutex/Monitor currently owned by a thread: None

Heap
 def new generation   total 14400K, used 7960K [0x6aa80000, 0x6ba20000, 0x72a80000)
  eden space 12800K,  53% used [0x6aa80000, 0x6b121e38, 0x6b700000)
  from space 1600K,  73% used [0x6b890000, 0x6b9b4330, 0x6ba20000)
  to   space 1600K,   0% used [0x6b700000, 0x6b700000, 0x6b890000)
 tenured generation   total 31884K, used 25314K [0x72a80000, 0x749a3000, 0x82a80000)
   the space 31884K,  79% used [0x72a80000, 0x74338ae8, 0x74338c00, 0x749a3000)
 compacting perm gen  total 43008K, used 42829K [0x82a80000, 0x85480000, 0x92a80000)
   the space 43008K,  99% used [0x82a80000, 0x85453530, 0x85453600, 0x85480000)
    ro space 10240K,  73% used [0x92a80000, 0x931e4690, 0x931e4800, 0x93480000)
    rw space 12288K,  60% used [0x93480000, 0x93bcc5d8, 0x93bcc600, 0x94080000)

Code Cache  [0xb271b000, 0xb2b43000, 0xb471b000)
 total_blobs=2107 nmethods=1919 adapters=123 free_code_cache=29205056 largest_free_block=384

Dynamic libraries:
08048000-0804c000 r-xp 00000000 08:01 157975     /usr/lib/eclipse/eclipse
0804c000-0804d000 r--p 00003000 08:01 157975     /usr/lib/eclipse/eclipse
0804d000-0804e000 rw-p 00004000 08:01 157975     /usr/lib/eclipse/eclipse
08f16000-09817000 rw-p 00000000 00:00 0          [heap]
6aa80000-6ba20000 rw-p 00000000 00:00 0 
6ba20000-72a80000 rw-p 00000000 00:00 0 
72a80000-749a3000 rw-p 00000000 00:00 0 
749a3000-82a80000 rw-p 00000000 00:00 0 
82a80000-85480000 rw-p 00000000 00:00 0 
85480000-92a80000 rw-p 00000000 00:00 0 
92a80000-931e5000 r--s 00001000 08:01 158467     /usr/lib/jvm/java-6-openjdk-i386/jre/lib/i386/client/classes.jsa
931e5000-93480000 rw-p 00000000 00:00 0 
93480000-93bcd000 rw-p 00766000 08:01 158467     /usr/lib/jvm/java-6-openjdk-i386/jre/lib/i386/client/classes.jsa
93bcd000-94080000 rw-p 00000000 00:00 0 
94080000-9417c000 rw-p 00eb3000 08:01 158467     /usr/lib/jvm/java-6-openjdk-i386/jre/lib/i386/client/classes.jsa
9417c000-94480000 rw-p 00000000 00:00 0 
94480000-94488000 r-xs 00faf000 08:01 158467     /usr/lib/jvm/java-6-openjdk-i386/jre/lib/i386/client/classes.jsa
94488000-94880000 rw-p 00000000 00:00 0 
a6bc1000-a6e9b000 rw-p 00000000 00:00 0 
a6edf000-a6f01000 r--p 00000000 08:01 827639     /usr/share/fonts/truetype/msttcorefonts/Verdana_Bold.ttf
a6f01000-a6f47000 r--p 00000000 08:01 827665     /usr/share/fonts/truetype/msttcorefonts/Arial_Bold.ttf
a778e000-a876d000 r--p 00000000 08:01 32234      /usr/share/icons/hicolor/icon-theme.cache
a876d000-a876e000 ---p 00000000 00:00 0 
a876e000-a906e000 rw-p 00000000 00:00 0 
a906e000-a908d000 rw-p 00000000 00:00 0 
a908d000-a908e000 ---p 00000000 00:00 0 
a908e000-a988e000 rw-p 00000000 00:00 0 
a9fa5000-aa890000 r--p 00000000 08:01 11547      /usr/share/icons/gnome/icon-theme.cache
aa890000-aa891000 ---p 00000000 00:00 0 
aa891000-ab091000 rw-p 00000000 00:00 0 
ab091000-ab092000 ---p 00000000 00:00 0 
ab092000-ab892000 rw-p 00000000 00:00 0 
aba5c000-aba5f000 ---p 00000000 00:00 0 
aba5f000-abaad000 rw-p 00000000 00:00 0          [stack:9553]
abaad000-abae7000 r--p 00000000 08:01 680333     /usr/share/fonts/truetype/ttf-dejavu/DejaVuSansMono-BoldOblique.ttf
abae7000-abb23000 r--p 00000000 08:01 680334     /usr/share/fonts/truetype/ttf-dejavu/DejaVuSansMono-Oblique.ttf
abb23000-abb7b000 r--p 00000000 08:01 661326     /usr/share/fonts/truetype/ubuntu-font-family/Ubuntu-BI.ttf
abb7b000-abbda000 r--p 00000000 08:01 661331     /usr/share/fonts/truetype/ubuntu-font-family/Ubuntu-RI.ttf
abbda000-abc2c000 r--p 00000000 08:01 661325     /usr/share/fonts/truetype/ubuntu-font-family/Ubuntu-B.ttf
abc2c000-abc4a000 r--s 00172000 08:01 291011     /usr/share/eclipse/plugins/org.eclipse.team.cvs.ui_3.3.401.dist.jar
abc4a000-abc82000 r-xp 00000000 08:01 266838     /usr/lib/i386-linux-gnu/libcroco-0.6.so.3.0.1
abc82000-abc83000 ---p 00038000 08:01 266838     /usr/lib/i386-linux-gnu/libcroco-0.6.so.3.0.1
abc83000-abc85000 r--p 00038000 08:01 266838     /usr/lib/i386-linux-gnu/libcroco-0.6.so.3.0.1
abc85000-abc86000 rw-p 0003a000 08:01 266838     /usr/lib/i386-linux-gnu/libcroco-0.6.so.3.0.1
abc86000-abcbd000 r-xp 00000000 08:01 267220     /usr/lib/i386-linux-gnu/librsvg-2.so.2.36.1
abcbd000-abcbe000 r--p 00036000 08:01 267220     /usr/lib/i386-linux-gnu/librsvg-2.so.2.36.1
abcbe000-abcbf000 rw-p 00037000 08:01 267220     /usr/lib/i386-linux-gnu/librsvg-2.so.2.36.1
abccb000-abcd5000 r--s 00062000 08:01 291006     /usr/share/eclipse/plugins/org.eclipse.ltk.ui.refactoring_3.6.0.dist.jar
abcd5000-abdbe000 r--p 00000000 08:01 3274       /usr/share/icons/Humanity/icon-theme.cache
abdbe000-abdc9000 r--p 00000000 08:01 10549      /usr/share/icons/Humanity-Dark/icon-theme.cache
abdc9000-abdec000 r--p 00000000 08:01 14429      /usr/share/icons/ubuntu-mono-dark/icon-theme.cache
abdec000-abe15000 r--s 00440000 08:01 158053     /usr/lib/eclipse/plugins/org.eclipse.jdt.core_3.7.3.dist.jar
abe15000-abeaa000 r--s 008ff000 08:01 158131     /usr/lib/eclipse/dropins/jdt/plugins/org.eclipse.jdt.ui_3.7.2.dist.jar
abeaa000-abf00000 r--s 00488000 08:01 32348      /usr/share/eclipse/dropins/cdt/eclipse/plugins/org.eclipse.cdt.ui_5.3.2.dist.jar
abf00000-abf47000 rw-p 00000000 00:00 0 
abf47000-ac000000 ---p 00000000 00:00 0 
ac001000-ac033000 r--s 00233000 08:01 290955     /usr/share/eclipse/plugins/org.eclipse.debug.ui_3.7.102.dist.jar
ac033000-ac093000 rw-s 00000000 00:04 425986     /SYSV00000000 (deleted)
ac093000-ac58b000 rw-p 00000000 00:00 0 
ac590000-ac5a3000 r--s 000d6000 08:01 291002     /usr/share/eclipse/plugins/org.eclipse.jface.text_3.7.2.dist.jar
ac5a3000-ac5aa000 r--s 00049000 08:01 290981     /usr/share/eclipse/plugins/org.eclipse.equinox.p2.metadata_2.1.0.dist.jar
ac5aa000-ac5ab000 ---p 00000000 00:00 0 
ac5ab000-acdab000 rw-p 00000000 00:00 0          [stack:9531]
acdab000-acdac000 ---p 00000000 00:00 0 
acdac000-ad6cc000 rw-p 00000000 00:00 0          [stack:9530]
ad6cc000-ad6cd000 ---p 00000000 00:00 0 
ad6cd000-adecd000 rw-p 00000000 00:00 0          [stack:9529]
adecd000-adee3000 r-xp 00000000 08:01 266673     /usr/lib/i386-linux-gnu/libICE.so.6.3.0
adee3000-adee4000 r--p 00015000 08:01 266673     /usr/lib/i386-linux-gnu/libICE.so.6.3.0
adee4000-adee5000 rw-p 00016000 08:01 266673     /usr/lib/i386-linux-gnu/libICE.so.6.3.0
adee5000-adee7000 rw-p 00000000 00:00 0 
adee7000-adeee000 r-xp 00000000 08:01 266714     /usr/lib/i386-linux-gnu/libSM.so.6.0.1
adeee000-adeef000 r--p 00006000 08:01 266714     /usr/lib/i386-linux-gnu/libSM.so.6.0.1
adeef000-adef0000 rw-p 00007000 08:01 266714     /usr/lib/i386-linux-gnu/libSM.so.6.0.1
adef0000-af05f000 r-xp 00000000 08:01 139003     /usr/lib/libicudata.so.48.1.1
af05f000-af060000 r--p 0116e000 08:01 139003     /usr/lib/libicudata.so.48.1.1
af060000-af061000 rw-p 0116f000 08:01 139003     /usr/lib/libicudata.so.48.1.1
af061000-af0ec000 r-xp 00000000 08:01 267148     /usr/lib/i386-linux-gnu/liborc-0.4.so.0.16.0
af0ec000-af0ed000 r--p 0008a000 08:01 267148     /usr/lib/i386-linux-gnu/liborc-0.4.so.0.16.0
af0ed000-af0f1000 rw-p 0008b000 08:01 267148     /usr/lib/i386-linux-gnu/liborc-0.4.so.0.16.0
af0f1000-af115000 r-xp 00000000 08:01 264979     /usr/lib/i386-linux-gnu/libdbus-glib-1.so.2.2.2
af115000-af116000 r--p 00023000 08:01 264979     /usr/lib/i386-linux-gnu/libdbus-glib-1.so.2.2.2
af116000-af117000 rw-p 00024000 08:01 264979     /usr/lib/i386-linux-gnu/libdbus-glib-1.so.2.2.2
af117000-af16f000 r-xp 00000000 08:01 290341     /usr/lib/i386-linux-gnu/libXt.so.6.0.0
af16f000-af170000 r--p 00057000 08:01 290341     /usr/lib/i386-linux-gnu/libXt.so.6.0.0
af170000-af173000 rw-p 00058000 08:01 290341     /usr/lib/i386-linux-gnu/libXt.so.6.0.0
af173000-af2c9000 r-xp 00000000 08:01 139017     /usr/lib/libicuuc.so.48.1.1
af2c9000-af2d3000 r--p 00155000 08:01 139017     /usr/lib/libicuuc.so.48.1.1
af2d3000-af2d4000 rw-p 0015f000 08:01 139017     /usr/lib/libicuuc.so.48.1.1
af2d4000-af2d8000 rw-p 00000000 00:00 0 
af2d8000-af4a6000 r-xp 00000000 08:01 139005     /usr/lib/libicui18n.so.48.1.1
af4a6000-af4a7000 ---p 001ce000 08:01 139005     /usr/lib/libicui18n.so.48.1.1
af4a7000-af4ad000 r--p 001ce000 08:01 139005     /usr/lib/libicui18n.so.48.1.1
af4ad000-af4ae000 rw-p 001d4000 08:01 139005     /usr/lib/libicui18n.so.48.1.1
af4ae000-af4af000 rw-p 00000000 00:00 0 
af4af000-af551000 r-xp 00000000 08:01 267253     /usr/lib/i386-linux-gnu/libsqlite3.so.0.8.6
af551000-af552000 r--p 000a2000 08:01 267253     /usr/lib/i386-linux-gnu/libsqlite3.so.0.8.6
af552000-af553000 rw-p 000a3000 08:01 267253     /usr/lib/i386-linux-gnu/libsqlite3.so.0.8.6
af553000-af554000 rw-p 00000000 00:00 0 
af554000-af69b000 r-xp 00000000 08:01 264994     /usr/lib/i386-linux-gnu/libxml2.so.2.7.8
af69b000-af69f000 r--p 00147000 08:01 264994     /usr/lib/i386-linux-gnu/libxml2.so.2.7.8
af69f000-af6a0000 rw-p 0014b000 08:01 264994     /usr/lib/i386-linux-gnu/libxml2.so.2.7.8
af6a0000-af6a1000 rw-p 00000000 00:00 0 
af6a1000-af6db000 r-xp 00000000 08:01 264537     /usr/lib/i386-linux-gnu/libxslt.so.1.1.26
af6db000-af6dc000 r--p 0003a000 08:01 264537     /usr/lib/i386-linux-gnu/libxslt.so.1.1.26
af6dc000-af6dd000 rw-p 0003b000 08:01 264537     /usr/lib/i386-linux-gnu/libxslt.so.1.1.26
af6dd000-af722000 r-xp 00000000 08:01 267076     /usr/lib/i386-linux-gnu/libjpeg.so.8.0.2
af722000-af723000 r--p 00044000 08:01 267076     /usr/lib/i386-linux-gnu/libjpeg.so.8.0.2
af723000-af724000 rw-p 00045000 08:01 267076     /usr/lib/i386-linux-gnu/libjpeg.so.8.0.2
af724000-af734000 rw-p 00000000 00:00 0 
af734000-af817000 r-xp 00000000 08:01 267023     /usr/lib/i386-linux-gnu/libgstreamer-0.10.so.0.30.0
af817000-af81a000 r--p 000e2000 08:01 267023     /usr/lib/i386-linux-gnu/libgstreamer-0.10.so.0.30.0
af81a000-af81b000 rw-p 000e5000 08:01 267023     /usr/lib/i386-linux-gnu/libgstreamer-0.10.so.0.30.0
af81b000-af81c000 rw-p 00000000 00:00 0 
af81c000-af87a000 r-xp 00000000 08:01 266999     /usr/lib/i386-linux-gnu/libgstbase-0.10.so.0.30.0
af87a000-af87b000 r--p 0005d000 08:01 266999     /usr/lib/i386-linux-gnu/libgstbase-0.10.so.0.30.0
af87b000-af87c000 rw-p 0005e000 08:01 266999     /usr/lib/i386-linux-gnu/libgstbase-0.10.so.0.30.0
af87c000-af898000 r-xp 00000000 08:01 267035     /usr/lib/i386-linux-gnu/libgstvideo-0.10.so.0.25.0
af898000-af899000 r--p 0001b000 08:01 267035     /usr/lib/i386-linux-gnu/libgstvideo-0.10.so.0.25.0
af899000-af89a000 rw-p 0001c000 08:01 267035     /usr/lib/i386-linux-gnu/libgstvideo-0.10.so.0.25.0
af89a000-af8ba000 r-xp 00000000 08:01 267019     /usr/lib/i386-linux-gnu/libgstpbutils-0.10.so.0.25.0
af8ba000-af8bb000 ---p 00020000 08:01 267019     /usr/lib/i386-linux-gnu/libgstpbutils-0.10.so.0.25.0
af8bb000-af8bc000 r--p 00020000 08:01 267019     /usr/lib/i386-linux-gnu/libgstpbutils-0.10.so.0.25.0
af8bc000-af8bd000 rw-p 00021000 08:01 267019     /usr/lib/i386-linux-gnu/libgstpbutils-0.10.so.0.25.0
af8bd000-af8cc000 r-xp 00000000 08:01 267013     /usr/lib/i386-linux-gnu/libgstinterfaces-0.10.so.0.25.0
af8cc000-af8cd000 r--p 0000f000 08:01 267013     /usr/lib/i386-linux-gnu/libgstinterfaces-0.10.so.0.25.0
af8cd000-af8ce000 rw-p 00010000 08:01 267013     /usr/lib/i386-linux-gnu/libgstinterfaces-0.10.so.0.25.0
af8ce000-af8d9000 r-xp 00000000 08:01 266995     /usr/lib/i386-linux-gnu/libgstapp-0.10.so.0.25.0
af8d9000-af8da000 r--p 0000a000 08:01 266995     /usr/lib/i386-linux-gnu/libgstapp-0.10.so.0.25.0
af8da000-af8db000 rw-p 0000b000 08:01 266995     /usr/lib/i386-linux-gnu/libgstapp-0.10.so.0.25.0
af8db000-af8ed000 r-xp 00000000 08:01 138918     /usr/lib/libgeoclue.so.0.0.0
af8ed000-af8ee000 r--p 00011000 08:01 138918     /usr/lib/libgeoclue.so.0.0.0
af8ee000-af8ef000 rw-p 00012000 08:01 138918     /usr/lib/libgeoclue.so.0.0.0
af8ef000-afc96000 r-xp 00000000 08:01 157918     /usr/lib/libjavascriptcoregtk-1.0.so.0.13.4
afc96000-afc9d000 r--p 003a6000 08:01 157918     /usr/lib/libjavascriptcoregtk-1.0.so.0.13.4
afc9d000-afca1000 rw-p 003ad000 08:01 157918     /usr/lib/libjavascriptcoregtk-1.0.so.0.13.4
afca1000-afcb2000 rw-p 00000000 00:00 0 
afcb2000-afd17000 r-xp 00000000 08:01 267245     /usr/lib/i386-linux-gnu/libsoup-2.4.so.1.5.0
afd17000-afd18000 r--p 00064000 08:01 267245     /usr/lib/i386-linux-gnu/libsoup-2.4.so.1.5.0
afd18000-afd19000 rw-p 00065000 08:01 267245     /usr/lib/i386-linux-gnu/libsoup-2.4.so.1.5.0
afd19000-afd1a000 rw-p 00000000 00:00 0 
afd1a000-b11c5000 r-xp 00000000 08:01 157921     /usr/lib/libwebkitgtk-1.0.so.0.13.4
b11c5000-b11c6000 ---p 014ab000 08:01 157921     /usr/lib/libwebkitgtk-1.0.so.0.13.4
b11c6000-b127d000 r--p 014ab000 08:01 157921     /usr/lib/libwebkitgtk-1.0.so.0.13.4
b127d000-b1286000 rw-p 01562000 08:01 157921     /usr/lib/libwebkitgtk-1.0.so.0.13.4
b1286000-b128d000 rw-p 00000000 00:00 0 
b128d000-b1291000 r--s 0001a000 08:01 290985     /usr/share/eclipse/plugins/org.eclipse.equinox.p2.repository_2.1.1.dist.jar
b1291000-b1295000 rwxp 00000000 00:00 0 
b1295000-b129b000 r--s 00042000 08:01 291019     /usr/share/eclipse/plugins/org.eclipse.ui.forms_3.5.101.dist.jar
b129b000-b12a3000 rw-p 00000000 00:00 0 
b12a3000-b12b6000 r--s 00da3000 08:01 32355      /usr/share/eclipse/dropins/cdt/eclipse/plugins/org.eclipse.cdt.doc.user_5.1.1.dist.jar
b12b6000-b1300000 r--s 003aa000 08:01 158240     /usr/lib/eclipse/dropins/sdk/plugins/org.eclipse.pde.ui_3.6.100.dist.jar
b1300000-b13fa000 rw-p 00000000 00:00 0 
b13fa000-b1400000 ---p 00000000 00:00 0 
b1400000-b1408000 rw-p 00000000 00:00 0 
b1408000-b140e000 r-xp 00000000 08:01 266928     /usr/lib/i386-linux-gnu/libgailutil.so.18.0.1
b140e000-b140f000 r--p 00005000 08:01 266928     /usr/lib/i386-linux-gnu/libgailutil.so.18.0.1
b140f000-b1410000 rw-p 00006000 08:01 266928     /usr/lib/i386-linux-gnu/libgailutil.so.18.0.1
b1410000-b1413000 ---p 00000000 00:00 0 
b1413000-b1461000 rw-p 00000000 00:00 0          [stack:9547]
b1461000-b1464000 ---p 00000000 00:00 0 
b1464000-b14b2000 rw-p 00000000 00:00 0          [stack:9544]
b14b2000-b14fb000 r--s 003e8000 08:01 32341      /usr/share/eclipse/dropins/cdt/eclipse/plugins/org.eclipse.cdt.core_5.3.2.dist.jar
b14fb000-b14fe000 ---p 00000000 00:00 0 
b14fe000-b154c000 rw-p 00000000 00:00 0          [stack:9548]
b154c000-b1550000 r-xp 00000000 08:01 394262     /usr/lib/i386-linux-gnu/gio/modules/libgiognomeproxy.so
b1550000-b1551000 r--p 00003000 08:01 394262     /usr/lib/i386-linux-gnu/gio/modules/libgiognomeproxy.so
b1551000-b1552000 rw-p 00004000 08:01 394262     /usr/lib/i386-linux-gnu/gio/modules/libgiognomeproxy.so
b1552000-b155c000 r-xp 00000000 08:01 138870     /usr/lib/libenchant.so.1.6.0
b155c000-b155d000 r--p 00009000 08:01 138870     /usr/lib/libenchant.so.1.6.0
b155d000-b155e000 rw-p 0000a000 08:01 138870     /usr/lib/libenchant.so.1.6.0
b155e000-b1561000 ---p 00000000 00:00 0 
b1561000-b15af000 rw-p 00000000 00:00 0          [stack:9542]
b15af000-b1654000 r--p 00000000 08:01 661298     /usr/share/fonts/truetype/ttf-dejavu/DejaVuSans-Bold.ttf
b1655000-b1659000 r--s 00028000 08:01 290978     /usr/share/eclipse/plugins/org.eclipse.equinox.p2.engine_2.1.1.dist.jar
b1659000-b1661000 r-xp 00000000 08:01 157923     /usr/lib/jni/libswt-webkit-gtk-3740.so
b1661000-b1662000 r--p 00007000 08:01 157923     /usr/lib/jni/libswt-webkit-gtk-3740.so
b1662000-b1663000 rw-p 00008000 08:01 157923     /usr/lib/jni/libswt-webkit-gtk-3740.so
b1663000-b166b000 r--s 0006a000 08:01 291999     /usr/share/eclipse/dropins/rse/eclipse/plugins/org.eclipse.rse.files.ui_3.1.1.201304111716.jar
b166b000-b167b000 r--s 000ec000 08:01 291759     /usr/share/eclipse/dropins/emf/eclipse/plugins/org.eclipse.emf.ecore_2.5.0.v200906151043.jar
b167b000-b168b000 r--s 0010d000 08:01 32349      /usr/share/eclipse/dropins/cdt/eclipse/plugins/org.eclipse.cdt.managedbuilder.core_8.0.2.dist.jar
b168b000-b168e000 ---p 00000000 00:00 0 
b168e000-b16dc000 rw-p 00000000 00:00 0          [stack:9552]
b16dc000-b16df000 ---p 00000000 00:00 0 
b16df000-b172d000 rw-p 00000000 00:00 0          [stack:9521]
b172d000-b173b000 r-xp 00000000 08:01 131724     /lib/i386-linux-gnu/libudev.so.0.13.0
b173b000-b173c000 r--p 0000e000 08:01 131724     /lib/i386-linux-gnu/libudev.so.0.13.0
b173c000-b173d000 rw-p 0000f000 08:01 131724     /lib/i386-linux-gnu/libudev.so.0.13.0
b173d000-b1784000 r-xp 00000000 08:01 134511     /lib/i386-linux-gnu/libdbus-1.so.3.5.8
b1784000-b1785000 r--p 00047000 08:01 134511     /lib/i386-linux-gnu/libdbus-1.so.3.5.8
b1785000-b1786000 rw-p 00048000 08:01 134511     /lib/i386-linux-gnu/libdbus-1.so.3.5.8
b178e000-b179a000 r-xp 00000000 08:01 157912     /usr/lib/jni/libswt-atk-gtk-3740.so
b179a000-b179b000 r--p 0000b000 08:01 157912     /usr/lib/jni/libswt-atk-gtk-3740.so
b179b000-b179c000 rw-p 0000c000 08:01 157912     /usr/lib/jni/libswt-atk-gtk-3740.so
b179c000-b17b1000 r-xp 00000000 08:01 396826     /usr/lib/i386-linux-gnu/gvfs/libgvfscommon.so
b17b1000-b17b2000 r--p 00014000 08:01 396826     /usr/lib/i386-linux-gnu/gvfs/libgvfscommon.so
b17b2000-b17b3000 rw-p 00015000 08:01 396826     /usr/lib/i386-linux-gnu/gvfs/libgvfscommon.so
b17b3000-b17dc000 r-xp 00000000 08:01 396829     /usr/lib/i386-linux-gnu/gio/modules/libgvfsdbus.so
b17dc000-b17dd000 r--p 00028000 08:01 396829     /usr/lib/i386-linux-gnu/gio/modules/libgvfsdbus.so
b17dd000-b17de000 rw-p 00029000 08:01 396829     /usr/lib/i386-linux-gnu/gio/modules/libgvfsdbus.so
b17de000-b1822000 r-xp 00000000 08:01 267061     /usr/lib/i386-linux-gnu/libibus-1.0.so.0.401.0
b1822000-b1823000 r--p 00043000 08:01 267061     /usr/lib/i386-linux-gnu/libibus-1.0.so.0.401.0
b1823000-b1824000 rw-p 00044000 08:01 267061     /usr/lib/i386-linux-gnu/libibus-1.0.so.0.401.0
b1827000-b182f000 r--s 00000000 08:01 674579     /home/ims2/.local/share/gvfs-metadata/root-8fbd665f.log
b182f000-b1836000 r--s 00045000 08:01 291005     /usr/share/eclipse/plugins/org.eclipse.ltk.core.refactoring_3.5.201.dist.jar
b1836000-b1838000 r-xp 00000000 08:01 157930     /usr/lib/eclipse/configuration/org.eclipse.osgi/bundles/28/1/.cp/os/linux/x86/libunixfile_1_0_0.so
b1838000-b1839000 r--p 00001000 08:01 157930     /usr/lib/eclipse/configuration/org.eclipse.osgi/bundles/28/1/.cp/os/linux/x86/libunixfile_1_0_0.so
b1839000-b183a000 rw-p 00002000 08:01 157930     /usr/lib/eclipse/configuration/org.eclipse.osgi/bundles/28/1/.cp/os/linux/x86/libunixfile_1_0_0.so
b183a000-b1861000 r--s 00208000 08:01 291021     /usr/share/eclipse/plugins/org.eclipse.ui.ide_3.7.0.dist.jar
b1861000-b1865000 r-xp 00000000 08:01 394249     /usr/lib/i386-linux-gnu/gdk-pixbuf-2.0/2.10.0/loaders/libpixbufloader-png.so
b1865000-b1866000 r--p 00003000 08:01 394249     /usr/lib/i386-linux-gnu/gdk-pixbuf-2.0/2.10.0/loaders/libpixbufloader-png.so
b1866000-b1867000 rw-p 00004000 08:01 394249     /usr/lib/i386-linux-gnu/gdk-pixbuf-2.0/2.10.0/loaders/libpixbufloader-png.so
b1867000-b186c000 r-xp 00000000 08:01 394243     /usr/lib/i386-linux-gnu/gdk-pixbuf-2.0/2.10.0/loaders/libpixbufloader-gif.so
b186c000-b186d000 r--p 00005000 08:01 394243     /usr/lib/i386-linux-gnu/gdk-pixbuf-2.0/2.10.0/loaders/libpixbufloader-gif.so
b186d000-b186e000 rw-p 00006000 08:01 394243     /usr/lib/i386-linux-gnu/gdk-pixbuf-2.0/2.10.0/loaders/libpixbufloader-gif.so
b186f000-b18c1000 r--p 00000000 08:01 661301     /usr/share/fonts/truetype/ttf-dejavu/DejaVuSansMono.ttf
b18c1000-b1918000 r--p 00000000 08:01 661330     /usr/share/fonts/truetype/ubuntu-font-family/Ubuntu-R.ttf
b1918000-b191a000 r-xp 00000000 08:01 394612     /usr/lib/i386-linux-gnu/pango/1.6.0/modules/pango-basic-fc.so
b191a000-b191b000 r--p 00001000 08:01 394612     /usr/lib/i386-linux-gnu/pango/1.6.0/modules/pango-basic-fc.so
b191b000-b191c000 rw-p 00002000 08:01 394612     /usr/lib/i386-linux-gnu/pango/1.6.0/modules/pango-basic-fc.so
b191c000-b191f000 r--s 00000000 08:01 408884     /var/cache/fontconfig/8801497958630a81b71ace7c5f9b32a8-le32d4.cache-3
b191f000-b1941000 r--s 00000000 08:01 416454     /var/cache/fontconfig/365b55f210c0a22e9a19e35191240f32-le32d4.cache-3
b1941000-b19b8000 r-xp 00000000 08:01 157915     /usr/lib/jni/libswt-pi-gtk-3740.so
b19b8000-b19b9000 r--p 00077000 08:01 157915     /usr/lib/jni/libswt-pi-gtk-3740.so
b19b9000-b19bb000 rw-p 00078000 08:01 157915     /usr/lib/jni/libswt-pi-gtk-3740.so
b19bb000-b19bc000 rw-p 00000000 00:00 0 
b19bc000-b19f8000 r--s 005fe000 08:01 566276     /usr/share/java/com.ibm.icu-4.4.jar
b19f8000-b1a3f000 r--s 0039a000 08:01 157957     /usr/lib/eclipse/plugins/org.eclipse.ui.workbench_3.7.1.dist.jar
b1a3f000-b1a43000 r-xp 00000000 08:01 134606     /lib/i386-linux-gnu/libuuid.so.1.3.0
b1a43000-b1a44000 r--p 00003000 08:01 134606     /lib/i386-linux-gnu/libuuid.so.1.3.0
b1a44000-b1a45000 rw-p 00004000 08:01 134606     /lib/i386-linux-gnu/libuuid.so.1.3.0
b1a45000-b1a51000 r--s 0007d000 08:01 291017     /usr/share/eclipse/plugins/org.eclipse.ui.editors_3.7.0.dist.jar
b1a51000-b1a5a000 r--s 00066000 08:01 291007     /usr/share/eclipse/plugins/org.eclipse.search_3.7.0.dist.jar
b1a5a000-b1a72000 r--s 000df000 08:01 32340      /usr/share/eclipse/dropins/cdt/eclipse/plugins/org.eclipse.cdt.debug.ui_7.1.2.dist.jar
b1a72000-b1a77000 r--s 0003f000 08:01 291771     /usr/share/eclipse/dropins/emf/eclipse/plugins/org.eclipse.emf.codegen_2.5.0.v200906151043.jar
b1a77000-b1a7c000 r--s 0001d000 08:01 291760     /usr/share/eclipse/dropins/emf/eclipse/plugins/org.eclipse.emf.mapping.ui_2.5.0.v200906151043.jar
b1a7c000-b1a81000 r--s 0002b000 08:01 291765     /usr/share/eclipse/dropins/emf/eclipse/plugins/org.eclipse.emf.common_2.5.0.v200906151043.jar
b1a81000-b1a82000 r--s 00000000 08:01 408890     /var/cache/fontconfig/c05880de57d1f5e948fdfacc138775d9-le32d4.cache-3
b1a82000-b1a88000 r--s 00000000 08:01 408885     /var/cache/fontconfig/945677eb7aeaf62f1d50efc3fb3ec7d8-le32d4.cache-3
b1a88000-b1a8a000 r--s 00000000 08:01 408886     /var/cache/fontconfig/99e8ed0e538f840c565b6ed5dad60d56-le32d4.cache-3
b1a8a000-b1a8e000 r--s 00000000 08:01 408887     /var/cache/fontconfig/a755afe4a08bf5b97852ceb7400b47bc-le32d4.cache-3
b1a8e000-b1a99000 r--s 00000000 08:01 408869     /var/cache/fontconfig/04aabc0a78ac019cf9454389977116d2-le32d4.cache-3
b1a99000-b1a9c000 ---p 00000000 00:00 0 
b1a9c000-b1aea000 rw-p 00000000 00:00 0          [stack:9520]
b1aea000-b1af1000 r--s 00000000 08:01 395201     /var/cache/fontconfig/6d41288fd70b0be22e8c3a91e032eec0-le32d4.cache-3
b1af1000-b1af5000 r--s 00000000 08:01 408873     /var/cache/fontconfig/3047814df9a2f067bd2d96a2b9c36e5a-le32d4.cache-3
b1af5000-b1b02000 r--s 00000000 08:01 408893     /var/cache/fontconfig/d52a8644073d54c13679302ca1180695-le32d4.cache-3
b1b02000-b1b07000 r-xp 00000000 08:01 266759     /usr/lib/i386-linux-gnu/libXtst.so.6.1.0
b1b07000-b1b08000 r--p 00004000 08:01 266759     /usr/lib/i386-linux-gnu/libXtst.so.6.1.0
b1b08000-b1b09000 rw-p 00005000 08:01 266759     /usr/lib/i386-linux-gnu/libXtst.so.6.1.0
b1b09000-b1b1d000 r--s 0018b000 08:01 157916     /usr/lib/java/swt-gtk-3.7.2.jar
b1b1d000-b1b20000 r--s 00013000 08:01 290951     /usr/share/eclipse/plugins/org.eclipse.core.runtime.compatibility_3.2.100.dist.jar
b1b20000-b1b22000 r--s 00012000 08:01 157941     /usr/lib/eclipse/plugins/org.eclipse.equinox.app_1.3.100.dist.jar
b1b22000-b1b25000 r--s 00018000 08:01 157950     /usr/lib/eclipse/plugins/org.eclipse.equinox.preferences_3.4.2.dist.jar
b1b25000-b1b28000 r--s 00016000 08:01 157942     /usr/lib/eclipse/plugins/org.eclipse.equinox.common_3.6.0.dist.jar
b1b2a000-b1b2e000 r--s 00015000 08:01 157931     /usr/lib/eclipse/plugins/org.eclipse.core.commands_3.6.0.dist.jar
b1b2e000-b1b39000 r--s 0007f000 08:01 291033     /usr/share/eclipse/plugins/org.eclipse.ui.workbench.texteditor_3.7.0.dist.jar
b1b39000-b1b42000 r--s 00086000 08:01 291034     /usr/share/eclipse/plugins/org.eclipse.update.core_3.2.500.dist.jar
b1b42000-b1b45000 r--s 00017000 08:01 158043     /usr/lib/eclipse/plugins/org.eclipse.equinox.p2.metadata.repository_1.2.0.dist.jar
b1b45000-b1b47000 r--s 0000b000 08:01 291969     /usr/share/eclipse/dropins/rse/eclipse/plugins/org.eclipse.rse.terminals.ui_1.0.1.201304111716.jar
b1b4a000-b1b4c000 r--s 0000b000 08:01 290982     /usr/share/eclipse/plugins/org.eclipse.equinox.p2.operations_2.1.1.dist.jar
b1b4c000-b1b4e000 r--s 00009000 08:01 291024     /usr/share/eclipse/plugins/org.eclipse.ui.net_1.2.100.dist.jar
b1b4e000-b1b50000 r--s 00013000 08:01 156907     /usr/lib/jvm/java-6-openjdk-common/jre/lib/jce.jar
b1b50000-b1b53000 r--s 00016000 08:01 290996     /usr/share/eclipse/plugins/org.eclipse.equinox.security_1.1.1.dist.jar
b1b53000-b1b57000 rwxp 00000000 00:00 0 
b1b57000-b1b59000 r--s 00013000 08:01 290937     /usr/share/eclipse/plugins/org.eclipse.ui.intro.universal_3.2.500.dist/universal.jar
b1b59000-b1b5f000 r--s 00044000 08:01 291022     /usr/share/eclipse/plugins/org.eclipse.ui.intro_3.4.100.dist.jar
b1b5f000-b1b63000 r--s 0001c000 08:01 291018     /usr/share/eclipse/plugins/org.eclipse.ui.externaltools_3.2.0.dist.jar
b1b64000-b1b6d000 r--s 0005b000 08:01 158199     /usr/lib/eclipse/dropins/sdk/plugins/org.eclipse.pde.api.tools.ui_1.0.301.dist.jar
b1b6d000-b1b6f000 r--s 0000b000 08:01 290990     /usr/share/eclipse/plugins/org.eclipse.equinox.p2.ui.sdk.scheduler_1.0.100.dist.jar
b1b6f000-b1b73000 r--s 00018000 08:01 291023     /usr/share/eclipse/plugins/org.eclipse.ui.navigator.resources_3.4.300.dist.jar
b1b75000-b1b78000 r--s 00012000 08:01 291027     /usr/share/eclipse/plugins/org.eclipse.ui.views_3.6.0.dist.jar
b1b78000-b1b84000 r-xp 00000000 08:01 157917     /usr/lib/jni/libswt-cairo-gtk-3740.so
b1b84000-b1b85000 r--p 0000c000 08:01 157917     /usr/lib/jni/libswt-cairo-gtk-3740.so
b1b85000-b1b86000 rw-p 0000d000 08:01 157917     /usr/lib/jni/libswt-cairo-gtk-3740.so
b1b86000-b1b89000 rw-s 00000000 00:04 393217     /SYSV00000000 (deleted)
b1b89000-b1b91000 r--s 0005a000 08:01 32332      /usr/share/eclipse/dropins/cdt/eclipse/plugins/org.eclipse.cdt.make.core_7.1.2.dist.jar
b1b91000-b1b95000 r--s 00018000 08:01 291773     /usr/share/eclipse/dropins/emf/eclipse/plugins/org.eclipse.emf.ecore.edit_2.5.0.v200906151043.jar
b1b95000-b1b9d000 r--s 000dd000 08:01 291775     /usr/share/eclipse/dropins/emf/eclipse/plugins/org.eclipse.emf.codegen.ecore_2.5.0.v200906151043.jar
b1b9d000-b1b9e000 r--s 00001000 08:01 291756     /usr/share/eclipse/dropins/emf/eclipse/plugins/org.eclipse.emf.mapping.ecore.editor_2.5.0.v200906151043.jar
b1b9e000-b1b9f000 r--s 0000b000 08:01 158056     /usr/lib/eclipse/plugins/org.eclipse.core.net.linux.x86_1.1.200.dist.jar
b1b9f000-b1ba4000 r--s 00028000 08:01 291746     /usr/share/eclipse/dropins/emf/eclipse/plugins/org.eclipse.emf.mapping_2.5.0.v200906151043.jar
b1ba4000-b1ba6000 r--s 0000e000 08:01 290945     /usr/share/eclipse/plugins/org.eclipse.core.net_1.2.100.dist.jar
b1ba6000-b1ba9000 r--s 0000c000 08:01 291749     /usr/share/eclipse/dropins/emf/eclipse/plugins/org.eclipse.emf.databinding_1.1.0.v200906151043.jar
b1ba9000-b1bab000 r--s 00006000 08:01 291769     /usr/share/eclipse/dropins/emf/eclipse/plugins/org.eclipse.emf.codegen.ui_2.5.0.v200906151043.jar
b1bab000-b1baf000 r--s 00021000 08:01 291751     /usr/share/eclipse/dropins/emf/eclipse/plugins/org.eclipse.emf.edit.ui_2.5.0.v200906151043.jar
b1baf000-b1bb2000 r--s 00013000 08:01 291774     /usr/share/eclipse/dropins/emf/eclipse/plugins/org.eclipse.emf.ecore.editor_2.5.0.v200906151043.jar
b1bb2000-b1bb7000 r--s 00038000 08:01 291772     /usr/share/eclipse/dropins/emf/eclipse/plugins/org.eclipse.emf.edit_2.5.0.v200906151043.jar
b1bb7000-b1bbe000 r--s 00000000 08:01 396141     /usr/lib/i386-linux-gnu/gconv/gconv-modules.cache
b1bbe000-b1bc5000 r--s 0004a000 08:01 290954     /usr/share/eclipse/plugins/org.eclipse.debug.core_3.7.1.dist.jar
b1bc5000-b1bc7000 r--s 0000e000 08:01 158241     /usr/lib/eclipse/dropins/sdk/plugins/org.eclipse.pde_3.7.2.dist.jar
b1bc7000-b1bc8000 r-xp 00000000 08:01 394253     /usr/lib/i386-linux-gnu/gdk-pixbuf-2.0/2.10.0/loaders/libpixbufloader-svg.so
b1bc8000-b1bc9000 r--p 00000000 08:01 394253     /usr/lib/i386-linux-gnu/gdk-pixbuf-2.0/2.10.0/loaders/libpixbufloader-svg.so
b1bc9000-b1bca000 rw-p 00001000 08:01 394253     /usr/lib/i386-linux-gnu/gdk-pixbuf-2.0/2.10.0/loaders/libpixbufloader-svg.so
b1bca000-b1bcf000 r--s 00044000 08:01 158130     /usr/lib/eclipse/dropins/jdt/plugins/org.eclipse.jdt.launching_3.6.1.dist.jar
b1bcf000-b1bd4000 r--s 00035000 08:01 291013     /usr/share/eclipse/plugins/org.eclipse.text_3.5.101.dist.jar
b1bd4000-b1bd9000 r--s 00038000 08:01 291001     /usr/share/eclipse/plugins/org.eclipse.help_3.5.100.dist.jar
b1bd9000-b1bdd000 r--s 00020000 08:01 291768     /usr/share/eclipse/dropins/emf/eclipse/plugins/org.eclipse.emf.codegen.ecore.ui_2.5.0.v200906151043.jar
b1bdd000-b1bdf000 r--s 0000c000 08:01 290939     /usr/share/eclipse/plugins/org.eclipse.compare.core_3.5.200.dist.jar
b1bdf000-b1be1000 r--s 00013000 08:01 157932     /usr/lib/eclipse/plugins/org.eclipse.core.contenttype_3.4.100.dist.jar
b1be1000-b1be4000 r--s 00011000 08:01 158116     /usr/lib/eclipse/dropins/jdt/plugins/org.eclipse.jdt.core.manipulation_1.4.0.dist.jar
b1be4000-b1be7000 r--s 00022000 08:01 158114     /usr/lib/eclipse/dropins/jdt/plugins/org.eclipse.jdt.compiler.apt_1.0.400.dist.jar
b1be7000-b1bf1000 r--s 00061000 08:01 32347      /usr/share/eclipse/dropins/cdt/eclipse/plugins/org.eclipse.cdt.make.ui_7.1.2.dist.jar
b1bf1000-b1bf3000 r--s 00012000 08:01 157937     /usr/lib/eclipse/plugins/org.eclipse.core.expressions_3.4.300.dist.jar
b1bf4000-b1bf8000 r--s 0001a000 08:01 32345      /usr/share/eclipse/dropins/cdt/eclipse/plugins/org.eclipse.cdt.codan.core_2.0.0.dist.jar
b1bf8000-b1bfe000 r-xp 00000000 08:01 394406     /usr/lib/i386-linux-gnu/gtk-2.0/2.10.0/immodules/im-ibus.so
b1bfe000-b1bff000 r--p 00005000 08:01 394406     /usr/lib/i386-linux-gnu/gtk-2.0/2.10.0/immodules/im-ibus.so
b1bff000-b1c00000 rw-p 00006000 08:01 394406     /usr/lib/i386-linux-gnu/gtk-2.0/2.10.0/immodules/im-ibus.so
b1c00000-b1cfe000 rw-p 00000000 00:00 0 
b1cfe000-b1d00000 ---p 00000000 00:00 0 
b1d00000-b1d01000 rw-p 00000000 00:00 0 
b1d01000-b1d02000 r--s 00001000 08:01 291747     /usr/share/eclipse/dropins/emf/eclipse/plugins/org.eclipse.emf_2.5.0.v200906151043.jar
b1d02000-b1d04000 r--s 00016000 08:01 157959     /usr/lib/eclipse/plugins/org.eclipse.update.configurator_3.3.100.dist.jar
b1d05000-b1d07000 r--s 0000f000 08:01 32354      /usr/share/eclipse/dropins/cdt/eclipse/plugins/org.eclipse.cdt.codan.checkers_1.0.1.dist.jar
b1d07000-b1d10000 r--s 00056000 08:01 158055     /usr/lib/eclipse/plugins/org.eclipse.ui.navigator_3.5.101.dist.jar
b1d10000-b1d13000 r--s 00017000 08:01 290943     /usr/share/eclipse/plugins/org.eclipse.core.filebuffers_3.5.200.dist.jar
b1d13000-b1d1e000 r--s 000b8000 08:01 158039     /usr/lib/eclipse/plugins/org.eclipse.core.resources_3.7.101.dist.jar
b1d1e000-b1d21000 r--s 00000000 08:01 408872     /var/cache/fontconfig/2cd17615ca594fa2959ae173292e504c-le32d4.cache-3
b1d21000-b1d22000 r-xp 00000000 08:01 267037     /usr/lib/i386-linux-gnu/libgthread-2.0.so.0.3200.3
b1d22000-b1d23000 r--p 00000000 08:01 267037     /usr/lib/i386-linux-gnu/libgthread-2.0.so.0.3200.3
b1d23000-b1d24000 rw-p 00001000 08:01 267037     /usr/lib/i386-linux-gnu/libgthread-2.0.so.0.3200.3
b1d24000-b1d27000 r--s 00000000 08:01 408875     /var/cache/fontconfig/385c0604a188198f04d133e54aba7fe7-le32d4.cache-3
b1d27000-b1d2b000 r--s 00000000 08:01 408888     /var/cache/fontconfig/b47c4e1ecd0709278f4910c18777a504-le32d4.cache-3
b1d2b000-b1d33000 r--s 00000000 08:01 421228     /var/cache/fontconfig/e13b20fdb08344e0e664864cc2ede53d-le32d4.cache-3
b1d33000-b1d36000 r--s 00000000 08:01 416335     /var/cache/fontconfig/7ef2298fde41cc6eeb7af42e48b7d293-le32d4.cache-3
b1d36000-b1d3a000 rwxp 00000000 00:00 0 
b1d3a000-b1d3e000 r-xp 00000000 08:01 157914     /usr/lib/jni/libswt-gtk-3740.so
b1d3e000-b1d3f000 r--p 00003000 08:01 157914     /usr/lib/jni/libswt-gtk-3740.so
b1d3f000-b1d40000 rw-p 00004000 08:01 157914     /usr/lib/jni/libswt-gtk-3740.so
b1d40000-b1d41000 rw-p 00000000 00:00 0 
b1d41000-b1d43000 r--s 00013000 08:01 157938     /usr/lib/eclipse/plugins/org.eclipse.core.jobs_3.5.101.dist.jar
b1d43000-b1d45000 r--s 0000a000 08:01 290944     /usr/share/eclipse/plugins/org.eclipse.core.filesystem_1.3.100.dist.jar
b1d45000-b1d47000 r--s 0000f000 08:01 157940     /usr/lib/eclipse/plugins/org.eclipse.core.runtime_3.7.0.dist.jar
b1d47000-b1d4b000 r--s 0001e000 08:01 157958     /usr/lib/eclipse/plugins/org.eclipse.ui_3.7.0.dist.jar
b1d4b000-b1d5f000 r--s 000eb000 08:01 157955     /usr/lib/eclipse/plugins/org.eclipse.jface_3.7.0.dist.jar
b1d5f000-b1d60000 r--s 00000000 08:01 291029     /usr/share/eclipse/plugins/org.eclipse.ui.workbench.compatibility_3.2.100.dist/compatibility.jar
b1d60000-b1d62000 r--s 0000d000 08:01 291020     /usr/share/eclipse/plugins/org.eclipse.ui.ide.application_1.0.300.dist.jar
b1d62000-b1d63000 r--s 0000c000 08:01 158115     /usr/lib/eclipse/dropins/jdt/plugins/org.eclipse.jdt.compiler.tool_1.0.100.dist.jar
b1d63000-b1d66000 r--s 00016000 08:01 32344      /usr/share/eclipse/dropins/cdt/eclipse/plugins/org.eclipse.cdt.codan.ui_2.0.1.dist.jar
b1d66000-b1d68000 r--s 0000e000 08:01 290975     /usr/share/eclipse/plugins/org.eclipse.equinox.p2.core_2.1.1.dist.jar
b1d68000-b1d6a000 rw-p 00000000 00:00 0 
b1d6a000-b1d6c000 r--s 00008000 08:01 158132     /usr/lib/eclipse/dropins/jdt/plugins/org.eclipse.jdt_3.7.2.dist.jar
b1d6c000-b1d6d000 r--s 00000000 08:01 408897     /var/cache/fontconfig/e7071f4a29fa870f4323321c154eba04-le32d4.cache-3
b1d6d000-b1d6f000 r--s 00005000 08:01 291035     /usr/share/eclipse/plugins/org.eclipse.update.scheduler_3.2.300.dist.jar
b1d6f000-b1d70000 r--s 00002000 08:01 290993     /usr/share/eclipse/plugins/org.eclipse.equinox.p2.updatechecker_1.1.200.dist.jar
b1d70000-b1d71000 r--s 00001000 08:01 290950     /usr/share/eclipse/plugins/org.eclipse.core.runtime.compatibility.registry_3.5.0.dist/runtime_registry_compatibility.jar
b1d71000-b1d74000 r--s 00028000 08:01 157951     /usr/lib/eclipse/plugins/org.eclipse.equinox.registry_3.5.101.dist.jar
b1d74000-b1d75000 r--s 00000000 08:01 674324     /home/ims2/.local/share/gvfs-metadata/root
b1d75000-b1d76000 r--s 00006000 08:01 290952     /usr/share/eclipse/plugins/org.eclipse.core.variables_3.2.500.dist.jar
b1d76000-b1d79000 ---p 00000000 00:00 0 
b1d79000-b1dc7000 rw-p 00000000 00:00 0          [stack:9518]
b1dc7000-b1dca000 ---p 00000000 00:00 0 
b1dca000-b1e18000 rw-p 00000000 00:00 0          [stack:9519]
b1e18000-b1e19000 r--s 00000000 08:01 408870     /var/cache/fontconfig/0d8c3b2ac0904cb8a57a757ad11a4a08-le32d4.cache-3
b1e19000-b1e1a000 rw-p 00000000 00:00 0 
b1e1a000-b1e1d000 r--s 0001a000 08:01 291748     /usr/share/eclipse/dropins/emf/eclipse/plugins/org.eclipse.emf.common.ui_2.5.0.v200906151043.jar
b1e1d000-b1e1e000 r--s 00000000 08:01 397376     /var/cache/fontconfig/4794a0821666d79190d59a36cb4f44b5-le32d4.cache-3
b1e1e000-b1e20000 r--s 00007000 08:01 32363      /usr/share/eclipse/dropins/cdt/eclipse/plugins/org.eclipse.cdt.codan.core.cxx_1.0.0.dist.jar
b1e20000-b1e22000 r--s 00006000 08:01 291762     /usr/share/eclipse/dropins/emf/eclipse/plugins/org.eclipse.emf.databinding.edit_1.1.0.v200906151043.jar
b1e22000-b1e23000 r--s 00001000 08:01 291750     /usr/share/eclipse/dropins/emf/eclipse/plugins/org.eclipse.emf.mapping.ecore_2.5.0.v200906151043.jar
b1e24000-b1e26000 r--s 00013000 08:01 291753     /usr/share/eclipse/dropins/emf/eclipse/plugins/org.eclipse.emf.converter_2.5.0.v200906151043.jar
b1e26000-b1e29000 ---p 00000000 00:00 0 
b1e29000-b1e77000 rw-p 00000000 00:00 0          [stack:9516]
b1e77000-b1e78000 r--s 00000000 08:01 408878     /var/cache/fontconfig/56cf4f4769d0f4abc89a4895d7bd3ae1-le32d4.cache-3
b1e78000-b1e79000 r--s 00000000 08:01 408889     /var/cache/fontconfig/b9d506c9ac06c20b433354fa67a72993-le32d4.cache-3
b1e79000-b1e7c000 ---p 00000000 00:00 0 
b1e7c000-b1eca000 rw-p 00000000 00:00 0          [stack:9515]
b1eca000-b1ecd000 ---p 00000000 00:00 0 
b1ecd000-b1f1b000 rw-p 00000000 00:00 0          [stack:9514]
b1f1b000-b1f1e000 ---p 00000000 00:00 0 
b1f1e000-b1f6c000 rw-p 00000000 00:00 0          [stack:9513]
b1f6c000-b1f74000 r-xp 00000000 08:01 156968     /usr/lib/jvm/java-6-openjdk-i386/jre/lib/i386/libnio.so
b1f74000-b1f75000 r--p 00007000 08:01 156968     /usr/lib/jvm/java-6-openjdk-i386/jre/lib/i386/libnio.so
b1f75000-b1f76000 rw-p 00008000 08:01 156968     /usr/lib/jvm/java-6-openjdk-i386/jre/lib/i386/libnio.so
b1f76000-b1f8b000 r-xp 00000000 08:01 157000     /usr/lib/jvm/java-6-openjdk-i386/jre/lib/i386/libnet.so
b1f8b000-b1f8c000 r--p 00014000 08:01 157000     /usr/lib/jvm/java-6-openjdk-i386/jre/lib/i386/libnet.so
b1f8c000-b1f8d000 rw-p 00015000 08:01 157000     /usr/lib/jvm/java-6-openjdk-i386/jre/lib/i386/libnet.so
b1f8d000-b1f93000 r--s 000fc000 08:01 156919     /usr/lib/jvm/java-6-openjdk-common/jre/lib/resources.jar
b1f93000-b1fa7000 r--s 00136000 08:01 157911     /usr/lib/eclipse/plugins/org.eclipse.osgi_3.7.2.dist.jar
b1fa7000-b1fa8000 r--s 0000a000 08:01 157948     /usr/lib/eclipse/plugins/org.eclipse.equinox.launcher_1.2.0.dist.jar
b1fa8000-b1fab000 r--s 00031000 08:01 289778     /usr/lib/jvm/java-6-openjdk-common/jre/lib/ext/sunjce_provider.jar
b1fab000-b1fae000 r--s 00077000 08:01 289777     /usr/lib/jvm/java-6-openjdk-common/jre/lib/ext/localedata.jar
b1fae000-b1fb2000 r--s 00039000 08:01 289776     /usr/lib/jvm/java-6-openjdk-common/jre/lib/ext/sunpkcs11.jar
b1fb2000-b1fb3000 r--s 00007000 08:01 562654     /usr/share/java/java-atk-wrapper.jar
b1fb3000-b1fb4000 ---p 00000000 00:00 0 
b1fb4000-b2034000 rw-p 00000000 00:00 0          [stack:9512]
b2034000-b2037000 ---p 00000000 00:00 0 
b2037000-b2085000 rw-p 00000000 00:00 0          [stack:9511]
b2085000-b2088000 ---p 00000000 00:00 0 
b2088000-b2106000 rw-p 00000000 00:00 0          [stack:9510]
b2106000-b2109000 ---p 00000000 00:00 0 
b2109000-b2157000 rw-p 00000000 00:00 0          [stack:9509]
b2157000-b215a000 ---p 00000000 00:00 0 
b215a000-b21a8000 rw-p 00000000 00:00 0          [stack:9508]
b21a8000-b21ab000 ---p 00000000 00:00 0 
b21ab000-b21f9000 rw-p 00000000 00:00 0          [stack:9507]
b21f9000-b21fa000 ---p 00000000 00:00 0 
b21fa000-b22ad000 rw-p 00000000 00:00 0          [stack:9506]
b22ad000-b2440000 r--s 037db000 08:01 157007     /usr/lib/jvm/java-6-openjdk-i386/jre/lib/rt.jar
b2440000-b2463000 rw-p 00000000 00:00 0 
b2463000-b24ce000 rw-p 00000000 00:00 0 
b24ce000-b24de000 rw-p 00000000 00:00 0 
b24de000-b254f000 rw-p 00000000 00:00 0 
b254f000-b2557000 rw-p 00000000 00:00 0 
b2557000-b258f000 rw-p 00000000 00:00 0 
b258f000-b259f000 rw-p 00000000 00:00 0 
b259f000-b260f000 rw-p 00000000 00:00 0 
b260f000-b2624000 rw-p 00000000 00:00 0 
b2624000-b268f000 rw-p 00000000 00:00 0 
b268f000-b26ac000 rw-p 00000000 00:00 0 
b26ac000-b271b000 rw-p 00000000 00:00 0 
b271b000-b2b4b000 rwxp 00000000 00:00 0 
b2b4b000-b471b000 rw-p 00000000 00:00 0 
b471b000-b4722000 r-xp 00000000 08:01 156969     /usr/lib/jvm/java-6-openjdk-i386/jre/lib/i386/libzip.so
b4722000-b4723000 r--p 00006000 08:01 156969     /usr/lib/jvm/java-6-openjdk-i386/jre/lib/i386/libzip.so
b4723000-b4724000 rw-p 00007000 08:01 156969     /usr/lib/jvm/java-6-openjdk-i386/jre/lib/i386/libzip.so
b4724000-b474a000 r-xp 00000000 08:01 156964     /usr/lib/jvm/java-6-openjdk-i386/jre/lib/i386/libjava.so
b474a000-b474b000 r--p 00025000 08:01 156964     /usr/lib/jvm/java-6-openjdk-i386/jre/lib/i386/libjava.so
b474b000-b474d000 rw-p 00026000 08:01 156964     /usr/lib/jvm/java-6-openjdk-i386/jre/lib/i386/libjava.so
b474d000-b4769000 r-xp 00000000 08:01 134520     /lib/i386-linux-gnu/libgcc_s.so.1
b4769000-b476a000 r--p 0001b000 08:01 134520     /lib/i386-linux-gnu/libgcc_s.so.1
b476a000-b476b000 rw-p 0001c000 08:01 134520     /lib/i386-linux-gnu/libgcc_s.so.1
b476b000-b4843000 r-xp 00000000 08:01 267263     /usr/lib/i386-linux-gnu/libstdc++.so.6.0.16
b4843000-b4844000 ---p 000d8000 08:01 267263     /usr/lib/i386-linux-gnu/libstdc++.so.6.0.16
b4844000-b4848000 r--p 000d8000 08:01 267263     /usr/lib/i386-linux-gnu/libstdc++.so.6.0.16
b4848000-b4849000 rw-p 000dc000 08:01 267263     /usr/lib/i386-linux-gnu/libstdc++.so.6.0.16
b4849000-b4850000 rw-p 00000000 00:00 0 
b4850000-b4d64000 r-xp 00000000 08:01 156980     /usr/lib/jvm/java-6-openjdk-i386/jre/lib/i386/client/libjvm.so
b4d64000-b4d7b000 r--p 00514000 08:01 156980     /usr/lib/jvm/java-6-openjdk-i386/jre/lib/i386/client/libjvm.so
b4d7b000-b4d88000 rw-p 0052b000 08:01 156980     /usr/lib/jvm/java-6-openjdk-i386/jre/lib/i386/client/libjvm.so
b4d88000-b51a0000 rw-p 00000000 00:00 0 
b51a0000-b5200000 rw-s 00000000 00:04 360448     /SYSV00000000 (deleted)
b5200000-b52fb000 rw-p 00000000 00:00 0 
b52fb000-b5300000 ---p 00000000 00:00 0 
b5300000-b5302000 r--s 0000f000 08:01 289780     /usr/lib/jvm/java-6-openjdk-common/jre/lib/ext/pulse-java.jar
b5302000-b5365000 rw-p 00000000 00:00 0 
b5365000-b5368000 r-xp 00000000 08:01 394242     /usr/lib/i386-linux-gnu/gdk-pixbuf-2.0/2.10.0/loaders/libpixbufloader-bmp.so
b5368000-b5369000 r--p 00002000 08:01 394242     /usr/lib/i386-linux-gnu/gdk-pixbuf-2.0/2.10.0/loaders/libpixbufloader-bmp.so
b5369000-b536a000 rw-p 00003000 08:01 394242     /usr/lib/i386-linux-gnu/gdk-pixbuf-2.0/2.10.0/loaders/libpixbufloader-bmp.so
b536a000-b5386000 r--s 00000000 08:01 542099     /usr/share/mime/mime.cache
b5386000-b53af000 r-xp 00000000 08:01 267296     /usr/lib/i386-linux-gnu/libvorbis.so.0.4.5
b53af000-b53b0000 r--p 00028000 08:01 267296     /usr/lib/i386-linux-gnu/libvorbis.so.0.4.5
b53b0000-b53b1000 rw-p 00029000 08:01 267296     /usr/lib/i386-linux-gnu/libvorbis.so.0.4.5
b53b1000-b53b9000 r-xp 00000000 08:01 267103     /usr/lib/i386-linux-gnu/libltdl.so.7.3.0
b53b9000-b53ba000 r--p 00008000 08:01 267103     /usr/lib/i386-linux-gnu/libltdl.so.7.3.0
b53ba000-b53bb000 rw-p 00009000 08:01 267103     /usr/lib/i386-linux-gnu/libltdl.so.7.3.0
b53bb000-b53cc000 r-xp 00000000 08:01 267271     /usr/lib/i386-linux-gnu/libtdb.so.1.2.9
b53cc000-b53cd000 r--p 00010000 08:01 267271     /usr/lib/i386-linux-gnu/libtdb.so.1.2.9
b53cd000-b53ce000 rw-p 00011000 08:01 267271     /usr/lib/i386-linux-gnu/libtdb.so.1.2.9
b53ce000-b53d6000 r-xp 00000000 08:01 267300     /usr/lib/i386-linux-gnu/libvorbisfile.so.3.3.4
b53d6000-b53d7000 r--p 00007000 08:01 267300     /usr/lib/i386-linux-gnu/libvorbisfile.so.3.3.4
b53d7000-b53d8000 rw-p 00008000 08:01 267300     /usr/lib/i386-linux-gnu/libvorbisfile.so.3.3.4
b53d8000-b53e7000 r-xp 00000000 08:01 266829     /usr/lib/i386-linux-gnu/libcanberra.so.0.2.5
b53e7000-b53e8000 r--p 0000e000 08:01 266829     /usr/lib/i386-linux-gnu/libcanberra.so.0.2.5
b53e8000-b53e9000 rw-p 0000f000 08:01 266829     /usr/lib/i386-linux-gnu/libcanberra.so.0.2.5
b53e9000-b53f1000 rw-s 00000000 08:01 834304     /tmp/hsperfdata_ims2/9494
b53f1000-b53fc000 r-xp 00000000 08:01 156992     /usr/lib/jvm/java-6-openjdk-i386/jre/lib/i386/libverify.so
b53fc000-b53fd000 ---p 0000b000 08:01 156992     /usr/lib/jvm/java-6-openjdk-i386/jre/lib/i386/libverify.so
b53fd000-b53fe000 r--p 0000b000 08:01 156992     /usr/lib/jvm/java-6-openjdk-i386/jre/lib/i386/libverify.so
b53fe000-b53ff000 rw-p 0000c000 08:01 156992     /usr/lib/jvm/java-6-openjdk-i386/jre/lib/i386/libverify.so
b53ff000-b5400000 ---p 00000000 00:00 0 
b5400000-b5c00000 rw-p 00000000 00:00 0          [stack:9496]
b5c00000-b5cc0000 rw-p 00000000 00:00 0 
b5cc0000-b5d00000 ---p 00000000 00:00 0 
b5d00000-b5d01000 r--s 00003000 08:01 32359      /usr/share/eclipse/dropins/cdt/eclipse/plugins/org.eclipse.cdt.codan.ui.cxx_2.0.0.dist.jar
b5d01000-b5d07000 r-xp 00000000 08:01 267146     /usr/lib/i386-linux-gnu/libogg.so.0.7.1
b5d07000-b5d08000 r--p 00005000 08:01 267146     /usr/lib/i386-linux-gnu/libogg.so.0.7.1
b5d08000-b5d09000 rw-p 00006000 08:01 267146     /usr/lib/i386-linux-gnu/libogg.so.0.7.1
b5d09000-b5d0d000 r-xp 00000000 08:01 266825     /usr/lib/i386-linux-gnu/libcanberra-gtk.so.0.1.8
b5d0d000-b5d0e000 r--p 00003000 08:01 266825     /usr/lib/i386-linux-gnu/libcanberra-gtk.so.0.1.8
b5d0e000-b5d0f000 rw-p 00004000 08:01 266825     /usr/lib/i386-linux-gnu/libcanberra-gtk.so.0.1.8
b5d0f000-b5d14000 r-xp 00000000 08:01 394421     /usr/lib/i386-linux-gnu/gtk-2.0/modules/libcanberra-gtk-module.so
b5d14000-b5d15000 r--p 00004000 08:01 394421     /usr/lib/i386-linux-gnu/gtk-2.0/modules/libcanberra-gtk-module.so
b5d15000-b5d16000 rw-p 00005000 08:01 394421     /usr/lib/i386-linux-gnu/gtk-2.0/modules/libcanberra-gtk-module.so
b5d16000-b5d4b000 r-xp 00000000 08:01 394399     /usr/lib/i386-linux-gnu/gtk-2.0/2.10.0/engines/libmurrine.so
b5d4b000-b5d4c000 r--p 00034000 08:01 394399     /usr/lib/i386-linux-gnu/gtk-2.0/2.10.0/engines/libmurrine.so
b5d4c000-b5d4d000 rw-p 00035000 08:01 394399     /usr/lib/i386-linux-gnu/gtk-2.0/2.10.0/engines/libmurrine.so
b5d4d000-b5d4e000 ---p 00000000 00:00 0 
b5d4e000-b654e000 rw-p 00000000 00:00 0          [stack:9495]
b654e000-b6551000 r--p 00000000 08:01 674744     /home/ims2/.config/dconf/user
b6551000-b6552000 r--s 00000000 08:01 674739     /home/ims2/.cache/dconf/user
b6552000-b6559000 r-xp 00000000 08:01 394261     /usr/lib/i386-linux-gnu/gio/modules/libdconfsettings.so
b6559000-b655a000 r--p 00006000 08:01 394261     /usr/lib/i386-linux-gnu/gio/modules/libdconfsettings.so
b655a000-b655b000 rw-p 00007000 08:01 394261     /usr/lib/i386-linux-gnu/gio/modules/libdconfsettings.so
b655b000-b6581000 r--p 00000000 08:01 558877     /usr/share/glib-2.0/schemas/gschemas.compiled
b6581000-b658c000 r-xp 00000000 08:01 137948     /lib/i386-linux-gnu/libnss_files-2.15.so
b658c000-b658d000 r--p 0000a000 08:01 137948     /lib/i386-linux-gnu/libnss_files-2.15.so
b658d000-b658e000 rw-p 0000b000 08:01 137948     /lib/i386-linux-gnu/libnss_files-2.15.so
b658e000-b6598000 r-xp 00000000 08:01 138648     /lib/i386-linux-gnu/libnss_nis-2.15.so
b6598000-b6599000 r--p 00009000 08:01 138648     /lib/i386-linux-gnu/libnss_nis-2.15.so
b6599000-b659a000 rw-p 0000a000 08:01 138648     /lib/i386-linux-gnu/libnss_nis-2.15.so
b659a000-b65b0000 r-xp 00000000 08:01 138660     /lib/i386-linux-gnu/libnsl-2.15.so
b65b0000-b65b1000 r--p 00015000 08:01 138660     /lib/i386-linux-gnu/libnsl-2.15.so
b65b1000-b65b2000 rw-p 00016000 08:01 138660     /lib/i386-linux-gnu/libnsl-2.15.so
b65b2000-b65b4000 rw-p 00000000 00:00 0 
b65b4000-b65bb000 r-xp 00000000 08:01 137929     /lib/i386-linux-gnu/libnss_compat-2.15.so
b65bb000-b65bc000 r--p 00006000 08:01 137929     /lib/i386-linux-gnu/libnss_compat-2.15.so
b65bc000-b65bd000 rw-p 00007000 08:01 137929     /lib/i386-linux-gnu/libnss_compat-2.15.so
b65bd000-b65da000 r-xp 00000000 08:01 266783     /usr/lib/i386-linux-gnu/libatk-1.0.so.0.20409.1
b65da000-b65dc000 r--p 0001c000 08:01 266783     /usr/lib/i386-linux-gnu/libatk-1.0.so.0.20409.1
b65dc000-b65dd000 rw-p 0001e000 08:01 266783     /usr/lib/i386-linux-gnu/libatk-1.0.so.0.20409.1
b65dd000-b6a3d000 r-xp 00000000 08:01 267041     /usr/lib/i386-linux-gnu/libgtk-x11-2.0.so.0.2400.10
b6a3d000-b6a41000 r--p 00460000 08:01 267041     /usr/lib/i386-linux-gnu/libgtk-x11-2.0.so.0.2400.10
b6a41000-b6a43000 rw-p 00464000 08:01 267041     /usr/lib/i386-linux-gnu/libgtk-x11-2.0.so.0.2400.10
b6a43000-b6a45000 rw-p 00000000 00:00 0 
b6a45000-b6a4a000 r-xp 00000000 08:01 266731     /usr/lib/i386-linux-gnu/libXdmcp.so.6.0.0
b6a4a000-b6a4b000 r--p 00004000 08:01 266731     /usr/lib/i386-linux-gnu/libXdmcp.so.6.0.0
b6a4b000-b6a4c000 rw-p 00005000 08:01 266731     /usr/lib/i386-linux-gnu/libXdmcp.so.6.0.0
b6a4c000-b6a4e000 r-xp 00000000 08:01 266720     /usr/lib/i386-linux-gnu/libXau.so.6.0.0
b6a4e000-b6a4f000 r--p 00001000 08:01 266720     /usr/lib/i386-linux-gnu/libXau.so.6.0.0
b6a4f000-b6a50000 rw-p 00002000 08:01 266720     /usr/lib/i386-linux-gnu/libXau.so.6.0.0
b6a50000-b6a6f000 r-xp 00000000 08:01 267327     /usr/lib/i386-linux-gnu/libxcb.so.1.1.0
b6a6f000-b6a70000 r--p 0001f000 08:01 267327     /usr/lib/i386-linux-gnu/libxcb.so.1.1.0
b6a70000-b6a71000 rw-p 00020000 08:01 267327     /usr/lib/i386-linux-gnu/libxcb.so.1.1.0
b6a71000-b6a79000 r-xp 00000000 08:01 267319     /usr/lib/i386-linux-gnu/libxcb-render.so.0.0.0
b6a79000-b6a7a000 r--p 00008000 08:01 267319     /usr/lib/i386-linux-gnu/libxcb-render.so.0.0.0
b6a7a000-b6a7b000 rw-p 00009000 08:01 267319     /usr/lib/i386-linux-gnu/libxcb-render.so.0.0.0
b6a7b000-b6a7d000 r-xp 00000000 08:01 267323     /usr/lib/i386-linux-gnu/libxcb-shm.so.0.0.0
b6a7d000-b6a7e000 r--p 00001000 08:01 267323     /usr/lib/i386-linux-gnu/libxcb-shm.so.0.0.0
b6a7e000-b6a7f000 rw-p 00002000 08:01 267323     /usr/lib/i386-linux-gnu/libxcb-shm.so.0.0.0
b6a7f000-b6aa7000 r-xp 00000000 08:01 134576     /lib/i386-linux-gnu/libpng12.so.0.46.0
b6aa7000-b6aa8000 r--p 00027000 08:01 134576     /lib/i386-linux-gnu/libpng12.so.0.46.0
b6aa8000-b6aa9000 rw-p 00028000 08:01 134576     /lib/i386-linux-gnu/libpng12.so.0.46.0
b6aa9000-b6b3c000 r-xp 00000000 08:01 267178     /usr/lib/i386-linux-gnu/libpixman-1.so.0.24.4
b6b3c000-b6b40000 r--p 00092000 08:01 267178     /usr/lib/i386-linux-gnu/libpixman-1.so.0.24.4
b6b40000-b6b41000 rw-p 00096000 08:01 267178     /usr/lib/i386-linux-gnu/libpixman-1.so.0.24.4
b6b41000-b6b67000 r-xp 00000000 08:01 134517     /lib/i386-linux-gnu/libexpat.so.1.5.2
b6b67000-b6b68000 ---p 00026000 08:01 134517     /lib/i386-linux-gnu/libexpat.so.1.5.2
b6b68000-b6b6a000 r--p 00026000 08:01 134517     /lib/i386-linux-gnu/libexpat.so.1.5.2
b6b6a000-b6b6b000 rw-p 00028000 08:01 134517     /lib/i386-linux-gnu/libexpat.so.1.5.2
b6b6b000-b6b7e000 r-xp 00000000 08:01 138178     /lib/i386-linux-gnu/libresolv-2.15.so
b6b7e000-b6b7f000 ---p 00013000 08:01 138178     /lib/i386-linux-gnu/libresolv-2.15.so
b6b7f000-b6b80000 r--p 00013000 08:01 138178     /lib/i386-linux-gnu/libresolv-2.15.so
b6b80000-b6b81000 rw-p 00014000 08:01 138178     /lib/i386-linux-gnu/libresolv-2.15.so
b6b81000-b6b83000 rw-p 00000000 00:00 0 
b6b83000-b6ba0000 r-xp 00000000 08:01 134587     /lib/i386-linux-gnu/libselinux.so.1
b6ba0000-b6ba1000 r--p 0001c000 08:01 134587     /lib/i386-linux-gnu/libselinux.so.1
b6ba1000-b6ba2000 rw-p 0001d000 08:01 134587     /lib/i386-linux-gnu/libselinux.so.1
b6ba2000-b6bb6000 r-xp 00000000 08:01 134610     /lib/i386-linux-gnu/libz.so.1.2.3.4
b6bb6000-b6bb7000 r--p 00013000 08:01 134610     /lib/i386-linux-gnu/libz.so.1.2.3.4
b6bb7000-b6bb8000 rw-p 00014000 08:01 134610     /lib/i386-linux-gnu/libz.so.1.2.3.4
b6bb8000-b6c4d000 r-xp 00000000 08:01 266923     /usr/lib/i386-linux-gnu/libfreetype.so.6.8.0
b6c4d000-b6c51000 r--p 00094000 08:01 266923     /usr/lib/i386-linux-gnu/libfreetype.so.6.8.0
b6c51000-b6c52000 rw-p 00098000 08:01 266923     /usr/lib/i386-linux-gnu/libfreetype.so.6.8.0
b6c52000-b6c7c000 r-xp 00000000 08:01 267162     /usr/lib/i386-linux-gnu/libpangoft2-1.0.so.0.3000.0
b6c7c000-b6c7d000 r--p 00029000 08:01 267162     /usr/lib/i386-linux-gnu/libpangoft2-1.0.so.0.3000.0
b6c7d000-b6c7e000 rw-p 0002a000 08:01 267162     /usr/lib/i386-linux-gnu/libpangoft2-1.0.so.0.3000.0
b6c7e000-b6ca8000 r-xp 00000000 08:01 138651     /lib/i386-linux-gnu/libm-2.15.so
b6ca8000-b6ca9000 r--p 00029000 08:01 138651     /lib/i386-linux-gnu/libm-2.15.so
b6ca9000-b6caa000 rw-p 0002a000 08:01 138651     /lib/i386-linux-gnu/libm-2.15.so
b6caa000-b6dda000 r-xp 00000000 08:01 266718     /usr/lib/i386-linux-gnu/libX11.so.6.3.0
b6dda000-b6ddb000 r--p 0012f000 08:01 266718     /usr/lib/i386-linux-gnu/libX11.so.6.3.0
b6ddb000-b6ddd000 rw-p 00130000 08:01 266718     /usr/lib/i386-linux-gnu/libX11.so.6.3.0
b6ddd000-b6dde000 rw-p 00000000 00:00 0 
b6dde000-b6ea5000 r-xp 00000000 08:01 266821     /usr/lib/i386-linux-gnu/libcairo.so.2.11000.2
b6ea5000-b6ea6000 r--p 000c7000 08:01 266821     /usr/lib/i386-linux-gnu/libcairo.so.2.11000.2
b6ea6000-b6ea7000 rw-p 000c8000 08:01 266821     /usr/lib/i386-linux-gnu/libcairo.so.2.11000.2
b6ea7000-b6ea9000 rw-p 00000000 00:00 0 
b6ea9000-b6ead000 r-xp 00000000 08:01 266735     /usr/lib/i386-linux-gnu/libXfixes.so.3.1.0
b6ead000-b6eae000 r--p 00004000 08:01 266735     /usr/lib/i386-linux-gnu/libXfixes.so.3.1.0
b6eae000-b6eaf000 rw-p 00005000 08:01 266735     /usr/lib/i386-linux-gnu/libXfixes.so.3.1.0
b6eaf000-b6eb1000 r-xp 00000000 08:01 266729     /usr/lib/i386-linux-gnu/libXdamage.so.1.1.0
b6eb1000-b6eb2000 r--p 00001000 08:01 266729     /usr/lib/i386-linux-gnu/libXdamage.so.1.1.0
b6eb2000-b6eb3000 rw-p 00002000 08:01 266729     /usr/lib/i386-linux-gnu/libXdamage.so.1.1.0
b6eb3000-b6eb5000 r-xp 00000000 08:01 266725     /usr/lib/i386-linux-gnu/libXcomposite.so.1.0.0
b6eb5000-b6eb6000 r--p 00001000 08:01 266725     /usr/lib/i386-linux-gnu/libXcomposite.so.1.0.0
b6eb6000-b6eb7000 rw-p 00002000 08:01 266725     /usr/lib/i386-linux-gnu/libXcomposite.so.1.0.0
b6eb7000-b6ec0000 r-xp 00000000 08:01 266727     /usr/lib/i386-linux-gnu/libXcursor.so.1.0.2
b6ec0000-b6ec1000 r--p 00008000 08:01 266727     /usr/lib/i386-linux-gnu/libXcursor.so.1.0.2
b6ec1000-b6ec2000 rw-p 00009000 08:01 266727     /usr/lib/i386-linux-gnu/libXcursor.so.1.0.2
b6ec2000-b6ec9000 r-xp 00000000 08:01 264534     /usr/lib/i386-linux-gnu/libXrandr.so.2.2.0
b6ec9000-b6eca000 r--p 00006000 08:01 264534     /usr/lib/i386-linux-gnu/libXrandr.so.2.2.0
b6eca000-b6ecb000 rw-p 00007000 08:01 264534     /usr/lib/i386-linux-gnu/libXrandr.so.2.2.0
b6ecb000-b6ed9000 r-xp 00000000 08:01 266739     /usr/lib/i386-linux-gnu/libXi.so.6.1.0
b6ed9000-b6eda000 r--p 0000d000 08:01 266739     /usr/lib/i386-linux-gnu/libXi.so.6.1.0
b6eda000-b6edb000 rw-p 0000e000 08:01 266739     /usr/lib/i386-linux-gnu/libXi.so.6.1.0
b6edb000-b6edd000 r-xp 00000000 08:01 266741     /usr/lib/i386-linux-gnu/libXinerama.so.1.0.0
b6edd000-b6ede000 r--p 00001000 08:01 266741     /usr/lib/i386-linux-gnu/libXinerama.so.1.0.0
b6ede000-b6edf000 rw-p 00002000 08:01 266741     /usr/lib/i386-linux-gnu/libXinerama.so.1.0.0
b6edf000-b6ee7000 r-xp 00000000 08:01 266755     /usr/lib/i386-linux-gnu/libXrender.so.1.3.0
b6ee7000-b6ee8000 r--p 00007000 08:01 266755     /usr/lib/i386-linux-gnu/libXrender.so.1.3.0
b6ee8000-b6ee9000 rw-p 00008000 08:01 266755     /usr/lib/i386-linux-gnu/libXrender.so.1.3.0
b6ee9000-b6ef9000 r-xp 00000000 08:01 266733     /usr/lib/i386-linux-gnu/libXext.so.6.4.0
b6ef9000-b6efa000 r--p 0000f000 08:01 266733     /usr/lib/i386-linux-gnu/libXext.so.6.4.0
b6efa000-b6efb000 rw-p 00010000 08:01 266733     /usr/lib/i386-linux-gnu/libXext.so.6.4.0
b6efb000-b6f2d000 r-xp 00000000 08:01 266915     /usr/lib/i386-linux-gnu/libfontconfig.so.1.4.4
b6f2d000-b6f2e000 r--p 00032000 08:01 266915     /usr/lib/i386-linux-gnu/libfontconfig.so.1.4.4
b6f2e000-b6f2f000 rw-p 00033000 08:01 266915     /usr/lib/i386-linux-gnu/libfontconfig.so.1.4.4
b6f2f000-b7082000 r-xp 00000000 08:01 266956     /usr/lib/i386-linux-gnu/libgio-2.0.so.0.3200.3
b7082000-b7084000 r--p 00153000 08:01 266956     /usr/lib/i386-linux-gnu/libgio-2.0.so.0.3200.3
b7084000-b7085000 rw-p 00155000 08:01 266956     /usr/lib/i386-linux-gnu/libgio-2.0.so.0.3200.3
b7085000-b7086000 rw-p 00000000 00:00 0 
b7086000-b70a5000 r-xp 00000000 08:01 266944     /usr/lib/i386-linux-gnu/libgdk_pixbuf-2.0.so.0.2600.1
b70a5000-b70a6000 r--p 0001e000 08:01 266944     /usr/lib/i386-linux-gnu/libgdk_pixbuf-2.0.so.0.2600.1
b70a6000-b70a7000 rw-p 0001f000 08:01 266944     /usr/lib/i386-linux-gnu/libgdk_pixbuf-2.0.so.0.2600.1
b70a7000-b70ee000 r-xp 00000000 08:01 267158     /usr/lib/i386-linux-gnu/libpango-1.0.so.0.3000.0
b70ee000-b70ef000 ---p 00047000 08:01 267158     /usr/lib/i386-linux-gnu/libpango-1.0.so.0.3000.0
b70ef000-b70f0000 r--p 00047000 08:01 267158     /usr/lib/i386-linux-gnu/libpango-1.0.so.0.3000.0
b70f0000-b70f1000 rw-p 00048000 08:01 267158     /usr/lib/i386-linux-gnu/libpango-1.0.so.0.3000.0
b70f1000-b70fc000 r-xp 00000000 08:01 267160     /usr/lib/i386-linux-gnu/libpangocairo-1.0.so.0.3000.0
b70fc000-b70fd000 r--p 0000a000 08:01 267160     /usr/lib/i386-linux-gnu/libpangocairo-1.0.so.0.3000.0
b70fd000-b70fe000 rw-p 0000b000 08:01 267160     /usr/lib/i386-linux-gnu/libpangocairo-1.0.so.0.3000.0
b70fe000-b71a9000 r-xp 00000000 08:01 266942     /usr/lib/i386-linux-gnu/libgdk-x11-2.0.so.0.2400.10
b71a9000-b71aa000 ---p 000ab000 08:01 266942     /usr/lib/i386-linux-gnu/libgdk-x11-2.0.so.0.2400.10
b71aa000-b71ac000 r--p 000ab000 08:01 266942     /usr/lib/i386-linux-gnu/libgdk-x11-2.0.so.0.2400.10
b71ac000-b71ad000 rw-p 000ad000 08:01 266942     /usr/lib/i386-linux-gnu/libgdk-x11-2.0.so.0.2400.10
b71ad000-b71b4000 r-xp 00000000 08:01 138621     /lib/i386-linux-gnu/librt-2.15.so
b71b4000-b71b5000 r--p 00006000 08:01 138621     /lib/i386-linux-gnu/librt-2.15.so
b71b5000-b71b6000 rw-p 00007000 08:01 138621     /lib/i386-linux-gnu/librt-2.15.so
b71b6000-b71f0000 r-xp 00000000 08:01 134572     /lib/i386-linux-gnu/libpcre.so.3.12.1
b71f0000-b71f1000 r--p 00039000 08:01 134572     /lib/i386-linux-gnu/libpcre.so.3.12.1
b71f1000-b71f2000 rw-p 0003a000 08:01 134572     /lib/i386-linux-gnu/libpcre.so.3.12.1
b71f2000-b71f7000 r-xp 00000000 08:01 266913     /usr/lib/i386-linux-gnu/libffi.so.6.0.0
b71f7000-b71f8000 r--p 00004000 08:01 266913     /usr/lib/i386-linux-gnu/libffi.so.6.0.0
b71f8000-b71f9000 rw-p 00005000 08:01 266913     /usr/lib/i386-linux-gnu/libffi.so.6.0.0
b71f9000-b72f0000 r-xp 00000000 08:01 134524     /lib/i386-linux-gnu/libglib-2.0.so.0.3200.3
b72f0000-b72f1000 r--p 000f6000 08:01 134524     /lib/i386-linux-gnu/libglib-2.0.so.0.3200.3
b72f1000-b72f2000 rw-p 000f7000 08:01 134524     /lib/i386-linux-gnu/libglib-2.0.so.0.3200.3
b72f2000-b733f000 r-xp 00000000 08:01 266980     /usr/lib/i386-linux-gnu/libgobject-2.0.so.0.3200.3
b733f000-b7340000 r--p 0004c000 08:01 266980     /usr/lib/i386-linux-gnu/libgobject-2.0.so.0.3200.3
b7340000-b7341000 rw-p 0004d000 08:01 266980     /usr/lib/i386-linux-gnu/libgobject-2.0.so.0.3200.3
b7341000-b7343000 r--s 00001000 08:01 289779     /usr/lib/jvm/java-6-openjdk-common/jre/lib/ext/dnsns.jar
b7343000-b7344000 rw-p 00000000 00:00 0 
b7344000-b7345000 r--p 00000000 00:00 0 
b7345000-b7355000 r-xp 00000000 08:01 139119     /usr/lib/liboverlay-scrollbar-0.2.so.0.0.16
b7355000-b7356000 r--p 0000f000 08:01 139119     /usr/lib/liboverlay-scrollbar-0.2.so.0.0.16
b7356000-b7357000 rw-p 00010000 08:01 139119     /usr/lib/liboverlay-scrollbar-0.2.so.0.0.16
b7357000-b7557000 r--p 00000000 08:01 267798     /usr/lib/locale/locale-archive
b7557000-b7558000 rw-p 00000000 00:00 0 
b7558000-b76fb000 r-xp 00000000 08:01 137689     /lib/i386-linux-gnu/libc-2.15.so
b76fb000-b76fd000 r--p 001a3000 08:01 137689     /lib/i386-linux-gnu/libc-2.15.so
b76fd000-b76fe000 rw-p 001a5000 08:01 137689     /lib/i386-linux-gnu/libc-2.15.so
b76fe000-b7702000 rw-p 00000000 00:00 0 
b7702000-b7705000 r-xp 00000000 08:01 138655     /lib/i386-linux-gnu/libdl-2.15.so
b7705000-b7706000 r--p 00002000 08:01 138655     /lib/i386-linux-gnu/libdl-2.15.so
b7706000-b7707000 rw-p 00003000 08:01 138655     /lib/i386-linux-gnu/libdl-2.15.so
b7707000-b771e000 r-xp 00000000 08:01 138649     /lib/i386-linux-gnu/libpthread-2.15.so
b771e000-b771f000 r--p 00016000 08:01 138649     /lib/i386-linux-gnu/libpthread-2.15.so
b771f000-b7720000 rw-p 00017000 08:01 138649     /lib/i386-linux-gnu/libpthread-2.15.so
b7720000-b7722000 rw-p 00000000 00:00 0 
b7722000-b7725000 r-xp 00000000 08:01 266966     /usr/lib/i386-linux-gnu/libgmodule-2.0.so.0.3200.3
b7725000-b7726000 r--p 00002000 08:01 266966     /usr/lib/i386-linux-gnu/libgmodule-2.0.so.0.3200.3
b7726000-b7727000 rw-p 00003000 08:01 266966     /usr/lib/i386-linux-gnu/libgmodule-2.0.so.0.3200.3
b7727000-b7735000 r-xp 00000000 08:01 157945     /usr/lib/eclipse/plugins/org.eclipse.equinox.launcher.gtk.linux.x86_1.1.100.dist/eclipse_1408.so
b7735000-b7736000 r--p 0000d000 08:01 157945     /usr/lib/eclipse/plugins/org.eclipse.equinox.launcher.gtk.linux.x86_1.1.100.dist/eclipse_1408.so
b7736000-b7737000 rw-p 0000e000 08:01 157945     /usr/lib/eclipse/plugins/org.eclipse.equinox.launcher.gtk.linux.x86_1.1.100.dist/eclipse_1408.so
b7737000-b7738000 r--p 005db000 08:01 267798     /usr/lib/locale/locale-archive
b7738000-b773a000 rw-p 00000000 00:00 0 
b773a000-b773b000 r-xp 00000000 00:00 0          [vdso]
b773b000-b775b000 r-xp 00000000 08:01 138652     /lib/i386-linux-gnu/ld-2.15.so
b775b000-b775c000 r--p 0001f000 08:01 138652     /lib/i386-linux-gnu/ld-2.15.so
b775c000-b775d000 rw-p 00020000 08:01 138652     /lib/i386-linux-gnu/ld-2.15.so
bfaf8000-bfafb000 ---p 00000000 00:00 0 
bfafc000-bfb48000 rw-p 00000000 00:00 0          [stack]

VM Arguments:
jvm_args: -Xms40m -Xmx384m -Dorg.eclipse.equinox.p2.reconciler.dropins.directory=/usr/share/eclipse/dropins -XX:MaxPermSize=256m 
java_command: <unknown>
Launcher Type: generic

Environment Variables:
PATH=/usr/lib/lightdm/lightdm:/usr/local/sbin:/usr/local/bin:/usr/sbin:/usr/bin:/sbin:/bin:/usr/games
LD_LIBRARY_PATH=/usr/lib/jvm/java-6-openjdk-i386/jre/lib/i386/client:/usr/lib/jvm/java-6-openjdk-i386/jre/lib/i386:
SHELL=/bin/bash
DISPLAY=:0.0

Signal Handlers:
SIGSEGV: [libjvm.so+0x3e46d0], sa_mask[0]=0x7ffbfeff, sa_flags=0x10000004
SIGBUS: [libjvm.so+0x3e46d0], sa_mask[0]=0x7ffbfeff, sa_flags=0x10000004
SIGFPE: [libjvm.so+0x3017a0], sa_mask[0]=0x7ffbfeff, sa_flags=0x10000004
SIGPIPE: SIG_IGN, sa_mask[0]=0x00001000, sa_flags=0x10000000
SIGXFSZ: [libjvm.so+0x3017a0], sa_mask[0]=0x7ffbfeff, sa_flags=0x10000004
SIGILL: [libjvm.so+0x3017a0], sa_mask[0]=0x7ffbfeff, sa_flags=0x10000004
SIGUSR1: SIG_DFL, sa_mask[0]=0x00000000, sa_flags=0x00000000
SIGUSR2: [libjvm.so+0x301630], sa_mask[0]=0x00000000, sa_flags=0x10000004
SIGHUP: [libjvm.so+0x3045c0], sa_mask[0]=0x7ffbfeff, sa_flags=0x10000004
SIGINT: [libjvm.so+0x3045c0], sa_mask[0]=0x7ffbfeff, sa_flags=0x10000004
SIGTERM: [libjvm.so+0x3045c0], sa_mask[0]=0x7ffbfeff, sa_flags=0x10000004
SIGQUIT: [libjvm.so+0x3045c0], sa_mask[0]=0x7ffbfeff, sa_flags=0x10000004


---------------  S Y S T E M  ---------------

OS:Ubuntu 12.04 (precise)
uname:Linux 3.5.0-31-generic #52~precise1-Ubuntu SMP Fri May 17 15:27:49 UTC 2013 i686
libc:glibc 2.15 NPTL 2.15 
rlimit: STACK 8192k, CORE 0k, NPROC 5870, NOFILE 4096, AS infinity
load average:0.77 1.05 2.05

/proc/meminfo:
MemTotal:         767384 kB
MemFree:          140984 kB
Buffers:           16316 kB
Cached:           272928 kB
SwapCached:         1968 kB
Active:           290272 kB
Inactive:         286688 kB
Active(anon):     122108 kB
Inactive(anon):   166404 kB
Active(file):     168164 kB
Inactive(file):   120284 kB
Unevictable:           0 kB
Mlocked:               0 kB
HighTotal:             0 kB
HighFree:              0 kB
LowTotal:         767384 kB
LowFree:          140984 kB
SwapTotal:        783356 kB
SwapFree:         768580 kB
Dirty:               112 kB
Writeback:             0 kB
AnonPages:        286180 kB
Mapped:            60568 kB
Shmem:               780 kB
Slab:              29940 kB
SReclaimable:      19548 kB
SUnreclaim:        10392 kB
KernelStack:        2728 kB
PageTables:         5616 kB
NFS_Unstable:          0 kB
Bounce:                0 kB
WritebackTmp:          0 kB
CommitLimit:     1167048 kB
Committed_AS:    1652392 kB
VmallocTotal:     249912 kB
VmallocUsed:       24960 kB
VmallocChunk:     223248 kB
HardwareCorrupted:     0 kB
AnonHugePages:         0 kB
HugePages_Total:       0
HugePages_Free:        0
HugePages_Rsvd:        0
HugePages_Surp:        0
Hugepagesize:       2048 kB
DirectMap4k:       38848 kB
DirectMap2M:      747520 kB


CPU:total 1 (2 cores per cpu, 1 threads per core) family 6 model 15 stepping 13, cmov, cx8, fxsr, mmx, sse, sse2, sse3, ssse3

Memory: 4k page, physical 767384k(140984k free), swap 783356k(768580k free)

vm_info: OpenJDK Client VM (20.0-b12) for linux-x86 JRE (1.6.0_27-b27), built on Apr 25 2013 15:01:00 by "buildd" with gcc 4.6.3

time: Mon Jun 24 16:00:46 2013
elapsed time: 881 seconds

